00:00  INFO: GameServer commandline script started
00:00  INFO: GameServer launched on port 61234
00:02  INFO: Accepted new connection from /127.0.0.1
00:02  INFO: Waiting for player name...
00:02  INFO: Received player name: LobbyHoster_625.6505556919794_1591026569198
00:02  INFO: Connection to client /127.0.0.1 with name LobbyHoster_625.6505556919794_1591026569198 established
00:02  INFO: Match received, created lobby mylobby
00:02  INFO: Now closing connection to /127.0.0.1
00:02  INFO: Removed player name LobbyHoster_625.6505556919794_1591026569198
00:02  INFO: Accepted new connection from /127.0.0.1
00:02  INFO: Waiting for player name...
00:02  INFO: Received player name: foo
00:02  INFO: Connection to client /127.0.0.1 with name foo established
00:02  INFO: Accepted new connection from /127.0.0.1
00:02  INFO: Waiting for player name...
00:02  INFO: Received player name: bar
00:02  INFO: Connection to client /127.0.0.1 with name bar established
00:02  INFO: Player 0 joined lobby, initiating handshake
00:02  INFO: Player name for id 0: foo
00:02  INFO: The number of engines has just been increased to : 1
00:02  INFO: Removed player name foo
00:02  INFO: Player 1 joined lobby, initiating handshake
00:02  INFO: Player name for id 1: bar
00:02  INFO: The number of engines has just been increased to : 2
00:02  INFO: Starting game
00:02  INFO: Removed lobby with name mylobby
00:02  INFO: Removed player name foo
00:02  INFO: Removed player name bar
00:03  INFO: Registering referee "za.ac.sun.cs.ingenious.games.loa.LOAController" as "LOAController"
00:03  INFO: Registering referee "za.ac.sun.cs.ingenious.games.mnk.MNKReferee" as "MNKReferee"
00:03  INFO: Registering referee "za.ac.sun.cs.ingenious.games.tictactoe.TTTReferee" as "TTTReferee"
00:03  INFO: Registering referee "za.ac.sun.cs.ingenious.games.cardGames.uno.game.UnoReferee" as "UnoReferee"
00:03  INFO: Registering referee "za.ac.sun.cs.ingenious.games.cardGames.hearts.game.HeartsReferee" as "HeartsReferee"
00:03  INFO: Registering referee "za.ac.sun.cs.ingenious.games.domineering.DomineeringReferee" as "DomineeringReferee"
00:03  INFO: Registering referee "za.ac.sun.cs.ingenious.games.othello.OthelloReferee" as "OthelloReferee"
00:03  INFO: Registering referee "za.ac.sun.cs.ingenious.games.bomberman.BMReferee" as "BMReferee"
00:03  INFO: Removed player name bar
00:03  INFO: ===================
00:03  INFO: Starting OthelloReferee
00:03  INFO: ===================
00:03  INFO: Game state is now:
00:03  INFO: 
Black Score: 4
White Score: 1
Next player: white
Board:
 |01234567
----------
0|********
1|********
2|***0****
3|***00***
4|***01***
5|********
6|********
7|********

00:03  INFO: Game state is now:
00:03  INFO: 
Black Score: 3
White Score: 3
Next player: black
Board:
 |01234567
----------
0|********
1|********
2|***0****
3|***00***
4|**111***
5|********
6|********
7|********

00:03  INFO: Game state is now:
00:03  INFO: 
Black Score: 5
White Score: 2
Next player: white
Board:
 |01234567
----------
0|********
1|********
2|***0****
3|***00***
4|**011***
5|*0******
6|********
7|********

00:03  INFO: Game state is now:
00:03  INFO: 
Black Score: 4
White Score: 4
Next player: black
Board:
 |01234567
----------
0|********
1|********
2|***0****
3|***00***
4|*1111***
5|*0******
6|********
7|********

00:04  INFO: Game state is now:
00:04  INFO: 
Black Score: 6
White Score: 3
Next player: white
Board:
 |01234567
----------
0|********
1|********
2|***0****
3|***00***
4|*1101***
5|*0*0****
6|********
7|********

00:04  INFO: Game state is now:
00:04  INFO: 
Black Score: 5
White Score: 5
Next player: black
Board:
 |01234567
----------
0|********
1|********
2|***0****
3|***00***
4|*1101***
5|*1*0****
6|1*******
7|********

00:04  INFO: Game state is now:
00:04  INFO: 
Black Score: 7
White Score: 4
Next player: white
Board:
 |01234567
----------
0|********
1|********
2|***0****
3|*0*00***
4|*1001***
5|*1*0****
6|1*******
7|********

00:04  INFO: Game state is now:
00:04  INFO: 
Black Score: 6
White Score: 6
Next player: black
Board:
 |01234567
----------
0|********
1|********
2|*1*0****
3|*1*00***
4|*1001***
5|*1*0****
6|1*******
7|********

00:04  INFO: Game state is now:
00:04  INFO: 
Black Score: 8
White Score: 5
Next player: white
Board:
 |01234567
----------
0|********
1|********
2|*1*0****
3|*1*000**
4|*1000***
5|*1*0****
6|1*******
7|********

00:04  INFO: Game state is now:
00:04  INFO: 
Black Score: 6
White Score: 8
Next player: black
Board:
 |01234567
----------
0|********
1|********
2|*1*0****
3|*1*000**
4|*1100***
5|*1*1****
6|1***1***
7|********

00:04  INFO: Game state is now:
00:04  INFO: 
Black Score: 9
White Score: 6
Next player: white
Board:
 |01234567
----------
0|********
1|********
2|*1*0****
3|*1*000**
4|00000***
5|*1*1****
6|1***1***
7|********

00:04  INFO: Game state is now:
00:04  INFO: 
Black Score: 7
White Score: 9
Next player: black
Board:
 |01234567
----------
0|********
1|********
2|*1*0**1*
3|*1*001**
4|00001***
5|*1*1****
6|1***1***
7|********

00:04  INFO: Game state is now:
00:04  INFO: 
Black Score: 9
White Score: 8
Next player: white
Board:
 |01234567
----------
0|********
1|********
2|01*0**1*
3|*0*001**
4|00001***
5|*1*1****
6|1***1***
7|********

00:04  INFO: Game state is now:
00:04  INFO: 
Black Score: 6
White Score: 12
Next player: black
Board:
 |01234567
----------
0|********
1|********
2|01*01*1*
3|*0*111**
4|00101***
5|*1*1****
6|1***1***
7|********

00:05  INFO: Game state is now:
00:05  INFO: 
Black Score: 8
White Score: 11
Next player: white
Board:
 |01234567
----------
0|********
1|*0******
2|00*01*1*
3|*0*111**
4|00101***
5|*1*1****
6|1***1***
7|********

00:05  INFO: Game state is now:
00:05  INFO: 
Black Score: 7
White Score: 13
Next player: black
Board:
 |01234567
----------
0|********
1|*01*****
2|00*11*1*
3|*0*111**
4|00101***
5|*1*1****
6|1***1***
7|********

00:05  INFO: Game state is now:
00:05  INFO: 
Black Score: 9
White Score: 12
Next player: white
Board:
 |01234567
----------
0|***0****
1|*00*****
2|00*11*1*
3|*0*111**
4|00101***
5|*1*1****
6|1***1***
7|********

00:05  INFO: Game state is now:
00:05  INFO: 
Black Score: 4
White Score: 18
Next player: black
Board:
 |01234567
----------
0|*1*0****
1|*11*****
2|01*11*1*
3|*1*111**
4|01101***
5|*1*1****
6|1***1***
7|********

00:05  INFO: Game state is now:
00:05  INFO: 
Black Score: 7
White Score: 16
Next player: white
Board:
 |01234567
----------
0|*1*0****
1|*110****
2|01*01*1*
3|*1*011**
4|01101***
5|*1*1****
6|1***1***
7|********

00:05  INFO: Game state is now:
00:05  INFO: 
Black Score: 6
White Score: 18
Next player: black
Board:
 |01234567
----------
0|*1*0****
1|*1111***
2|01*01*1*
3|*1*011**
4|01101***
5|*1*1****
6|1***1***
7|********

00:05  INFO: Game state is now:
00:05  INFO: 
Black Score: 8
White Score: 17
Next player: white
Board:
 |01234567
----------
0|*1*0*0**
1|*1110***
2|01*01*1*
3|*1*011**
4|01101***
5|*1*1****
6|1***1***
7|********

00:05  INFO: Game state is now:
00:05  INFO: 
Black Score: 7
White Score: 19
Next player: black
Board:
 |01234567
----------
0|*1*0*0**
1|*11111**
2|01*01*1*
3|*1*011**
4|01101***
5|*1*1****
6|1***1***
7|********

00:05  INFO: Game state is now:
00:05  INFO: 
Black Score: 10
White Score: 17
Next player: white
Board:
 |01234567
----------
0|*1*0*00*
1|*11110**
2|01*00*1*
3|*1*011**
4|01101***
5|*1*1****
6|1***1***
7|********

00:05  INFO: Game state is now:
00:05  INFO: 
Black Score: 9
White Score: 19
Next player: black
Board:
 |01234567
----------
0|*1*0*00*
1|*111111*
2|01*00*1*
3|*1*011**
4|01101***
5|*1*1****
6|1***1***
7|********

00:06  INFO: Game state is now:
00:06  INFO: 
Black Score: 11
White Score: 18
Next player: white
Board:
 |01234567
----------
0|*1*0000*
1|*111011*
2|01*00*1*
3|*1*011**
4|01101***
5|*1*1****
6|1***1***
7|********

00:06  INFO: Game state is now:
00:06  INFO: 
Black Score: 10
White Score: 20
Next player: black
Board:
 |01234567
----------
0|*1*0000*
1|*111011*
2|01*00*1*
3|*11111**
4|01101***
5|*1*1****
6|1***1***
7|********

00:06  INFO: Game state is now:
00:06  INFO: 
Black Score: 13
White Score: 18
Next player: white
Board:
 |01234567
----------
0|*1*0000*
1|*1110000
2|01*00*1*
3|*11111**
4|01101***
5|*1*1****
6|1***1***
7|********

00:06  INFO: Game state is now:
00:06  INFO: 
Black Score: 12
White Score: 20
Next player: black
Board:
 |01234567
----------
0|*1*0000*
1|*1110000
2|01*00*1*
3|*11111**
4|01111***
5|*1*11***
6|1***1***
7|********

00:06  INFO: Game state is now:
00:06  INFO: 
Black Score: 16
White Score: 17
Next player: white
Board:
 |01234567
----------
0|*1*0000*
1|00000000
2|01*00*1*
3|*11111**
4|01111***
5|*1*11***
6|1***1***
7|********

00:06  INFO: Game state is now:
00:06  INFO: 
Black Score: 14
White Score: 20
Next player: black
Board:
 |01234567
----------
0|*110000*
1|00010000
2|01*01*1*
3|*11111**
4|01111***
5|*1*11***
6|1***1***
7|********

00:06  INFO: Game state is now:
00:06  INFO: 
Black Score: 17
White Score: 18
Next player: white
Board:
 |01234567
----------
0|0000000*
1|00010000
2|01*01*1*
3|*11111**
4|01111***
5|*1*11***
6|1***1***
7|********

00:06  INFO: Game state is now:
00:06  INFO: 
Black Score: 16
White Score: 20
Next player: black
Board:
 |01234567
----------
0|0000000*
1|00010000
2|01111*1*
3|*11111**
4|01111***
5|*1*11***
6|1***1***
7|********

00:06  INFO: Game state is now:
00:06  INFO: 
Black Score: 18
White Score: 19
Next player: white
Board:
 |01234567
----------
0|0000000*
1|00010000
2|00111*1*
3|011111**
4|01111***
5|*1*11***
6|1***1***
7|********

00:06  INFO: Game state is now:
00:06  INFO: 
Black Score: 18
White Score: 19
Next player: black
Board:
 |01234567
----------
0|0000000*
1|00010000
2|00111*1*
3|011111**
4|01111***
5|*1*11***
6|1***1***
7|********

00:06  INFO: Game state is now:
00:06  INFO: 
Black Score: 25
White Score: 13
Next player: white
Board:
 |01234567
----------
0|0000000*
1|00010000
2|00111*0*
3|0000000*
4|01111***
5|*1*11***
6|1***1***
7|********

00:07  INFO: Game state is now:
00:07  INFO: 
Black Score: 24
White Score: 15
Next player: black
Board:
 |01234567
----------
0|0000000*
1|00010000
2|00111*0*
3|0000100*
4|011111**
5|*1*11***
6|1***1***
7|********

00:07  INFO: Game state is now:
00:07  INFO: 
Black Score: 28
White Score: 12
Next player: white
Board:
 |01234567
----------
0|0000000*
1|00010000
2|0000000*
3|0000100*
4|011111**
5|*1*11***
6|1***1***
7|********

00:07  INFO: Game state is now:
00:07  INFO: 
Black Score: 26
White Score: 15
Next player: black
Board:
 |01234567
----------
0|00000001
1|00010010
2|0000010*
3|0000100*
4|011111**
5|*1*11***
6|1***1***
7|********

00:07  INFO: Game state is now:
00:07  INFO: 
Black Score: 28
White Score: 14
Next player: white
Board:
 |01234567
----------
0|00000001
1|00010000
2|00000100
3|0000100*
4|011111**
5|*1*11***
6|1***1***
7|********

00:07  INFO: Game state is now:
00:07  INFO: 
Black Score: 26
White Score: 17
Next player: black
Board:
 |01234567
----------
0|00000001
1|00010000
2|00001100
3|0000110*
4|0111111*
5|*1*11***
6|1***1***
7|********

00:07  INFO: Game state is now:
00:07  INFO: 
Black Score: 28
White Score: 16
Next player: white
Board:
 |01234567
----------
0|00000001
1|00010000
2|00001100
3|0000110*
4|0011111*
5|01*11***
6|1***1***
7|********

00:07  INFO: Game state is now:
00:07  INFO: 
Black Score: 25
White Score: 20
Next player: black
Board:
 |01234567
----------
0|00000001
1|00010001
2|00001101
3|00001111
4|0011111*
5|01*11***
6|1***1***
7|********

00:07  INFO: Game state is now:
00:07  INFO: 
Black Score: 31
White Score: 15
Next player: white
Board:
 |01234567
----------
0|00000001
1|00010001
2|00001001
3|00000111
4|0000111*
5|00011***
6|1***1***
7|********

00:07  INFO: Game state is now:
00:07  INFO: 
Black Score: 26
White Score: 21
Next player: black
Board:
 |01234567
----------
0|00000001
1|00010011
2|00001101
3|00001111
4|0001111*
5|00111***
6|11**1***
7|********

00:07  INFO: Game state is now:
00:07  INFO: 
Black Score: 33
White Score: 15
Next player: white
Board:
 |01234567
----------
0|00000001
1|00010011
2|00001001
3|00001101
4|00000000
5|00111***
6|11**1***
7|********

00:07  INFO: Game state is now:
00:07  INFO: 
Black Score: 31
White Score: 18
Next player: black
Board:
 |01234567
----------
0|00000001
1|00010011
2|00001001
3|00001101
4|00000011
5|00111**1
6|11**1***
7|********

00:08  INFO: Game state is now:
00:08  INFO: 
Black Score: 33
White Score: 17
Next player: white
Board:
 |01234567
----------
0|00000001
1|00010011
2|00001001
3|00001101
4|00000001
5|00111*01
6|11**1***
7|********

00:08  INFO: Game state is now:
00:08  INFO: 
Black Score: 31
White Score: 20
Next player: black
Board:
 |01234567
----------
0|00000001
1|00010011
2|00001001
3|00001101
4|00000101
5|00111*11
6|11**1**1
7|********

00:08  INFO: Game state is now:
00:08  INFO: 
Black Score: 34
White Score: 18
Next player: white
Board:
 |01234567
----------
0|00000001
1|00010011
2|00001001
3|00001101
4|00000101
5|00001*11
6|110*1**1
7|********

00:08  INFO: Game state is now:
00:08  INFO: 
Black Score: 31
White Score: 22
Next player: black
Board:
 |01234567
----------
0|00000001
1|00010011
2|00001001
3|00001101
4|00001101
5|00011*11
6|111*1**1
7|*1******

00:08  INFO: Game state is now:
00:08  INFO: 
Black Score: 35
White Score: 19
Next player: white
Board:
 |01234567
----------
0|00000001
1|00010011
2|00001001
3|00001101
4|00001001
5|00000*11
6|11101**1
7|*1******

00:08  INFO: Game state is now:
00:08  INFO: 
Black Score: 30
White Score: 25
Next player: black
Board:
 |01234567
----------
0|00000001
1|00010011
2|00011001
3|00011101
4|00011001
5|00010*11
6|11111**1
7|*1*1****

00:08  INFO: Game state is now:
00:08  INFO: 
Black Score: 32
White Score: 24
Next player: white
Board:
 |01234567
----------
0|00000001
1|00010011
2|00011001
3|00011101
4|00011001
5|00010*01
6|11111*01
7|*1*1****

00:08  INFO: Game state is now:
00:08  INFO: 
Black Score: 27
White Score: 30
Next player: black
Board:
 |01234567
----------
0|00000001
1|00010011
2|00011011
3|00011111
4|00011011
5|00010*11
6|11111*11
7|*1*1**1*

00:08  INFO: Game state is now:
00:08  INFO: 
Black Score: 30
White Score: 28
Next player: white
Board:
 |01234567
----------
0|00000001
1|00010011
2|00011011
3|00001111
4|00010011
5|00010011
6|11111*11
7|*1*1**1*

00:08  INFO: Game state is now:
00:08  INFO: 
Black Score: 27
White Score: 32
Next player: black
Board:
 |01234567
----------
0|00000001
1|00010011
2|00011011
3|00001111
4|00010111
5|00011111
6|11111111
7|*1*1**1*

00:08  INFO: Game state is now:
00:08  INFO: 
Black Score: 30
White Score: 30
Next player: white
Board:
 |01234567
----------
0|00000001
1|00010011
2|00011011
3|00001111
4|00010111
5|00011111
6|00111111
7|01*1**1*

00:09  INFO: Game state is now:
00:09  INFO: 
Black Score: 30
White Score: 30
Next player: black
Board:
 |01234567
----------
0|00000001
1|00010011
2|00011011
3|00001111
4|00010111
5|00011111
6|00111111
7|01*1**1*

00:09  INFO: Game state is now:
00:09  INFO: 
Black Score: 33
White Score: 28
Next player: white
Board:
 |01234567
----------
0|00000001
1|00010011
2|00011011
3|00001111
4|00010111
5|00011111
6|00011111
7|0001**1*

00:09  INFO: Game state is now:
00:09  INFO: 
Black Score: 33
White Score: 28
Next player: black
Board:
 |01234567
----------
0|00000001
1|00010011
2|00011011
3|00001111
4|00010111
5|00011111
6|00011111
7|0001**1*

00:09  INFO: Game state is now:
00:09  INFO: 
Black Score: 38
White Score: 24
Next player: white
Board:
 |01234567
----------
0|00000001
1|00010011
2|00011011
3|00001111
4|00010111
5|00010111
6|00000111
7|00000*1*

00:09  INFO: Game state is now:
00:09  INFO: 
Black Score: 37
White Score: 26
Next player: black
Board:
 |01234567
----------
0|00000001
1|00010011
2|00011011
3|00001111
4|00010111
5|00010111
6|00001111
7|0000011*

00:09  INFO: Game state is now:
00:09  INFO: 
Black Score: 42
White Score: 22
Next player: white
Board:
 |01234567
----------
0|00000001
1|00010011
2|00011011
3|00001111
4|00010111
5|00010011
6|00001101
7|00000000

00:09  INFO: Game has terminated!
00:09  INFO: Final scores:
00:09  INFO: Player 0 (foo): 42.0
00:09  INFO: Player 1 (bar): 22.0
00:09  INFO: ========================
00:09  INFO: Shutting down OthelloReferee
00:09  INFO: ========================
