00:00  INFO: Client commandline script started
00:00  INFO: Connecting to localhost:61234
00:00  INFO: Registering: foo
00:00  INFO: Refresh requested
00:00  INFO: 
Black Score: 2
White Score: 2
Next player: black
Board:
 |01234567
----------
0|********
1|********
2|********
3|***10***
4|***01***
5|********
6|********
7|********

00:01  INFO: Player chose move: 23
00:01  INFO: 
Black Score: 3
White Score: 3
Next player: black
Board:
 |01234567
----------
0|********
1|********
2|***0****
3|***00***
4|**111***
5|********
6|********
7|********

00:01  INFO: Player chose move: 51
00:01  INFO: 
Black Score: 4
White Score: 4
Next player: black
Board:
 |01234567
----------
0|********
1|********
2|***0****
3|***00***
4|*1111***
5|*0******
6|********
7|********

00:01  INFO: Player chose move: 53
00:01  INFO: 
Black Score: 5
White Score: 5
Next player: black
Board:
 |01234567
----------
0|********
1|********
2|***0****
3|***00***
4|*1101***
5|*1*0****
6|1*******
7|********

00:01  INFO: Player chose move: 31
00:01  INFO: 
Black Score: 6
White Score: 6
Next player: black
Board:
 |01234567
----------
0|********
1|********
2|*1*0****
3|*1*00***
4|*1001***
5|*1*0****
6|1*******
7|********

00:02  INFO: Player chose move: 35
00:02  INFO: 
Black Score: 6
White Score: 8
Next player: black
Board:
 |01234567
----------
0|********
1|********
2|*1*0****
3|*1*000**
4|*1100***
5|*1*1****
6|1***1***
7|********

00:02  INFO: Player chose move: 40
00:02  INFO: 
Black Score: 7
White Score: 9
Next player: black
Board:
 |01234567
----------
0|********
1|********
2|*1*0**1*
3|*1*001**
4|00001***
5|*1*1****
6|1***1***
7|********

00:02  INFO: Player chose move: 20
00:02  INFO: 
Black Score: 6
White Score: 12
Next player: black
Board:
 |01234567
----------
0|********
1|********
2|01*01*1*
3|*0*111**
4|00101***
5|*1*1****
6|1***1***
7|********

00:02  INFO: Player chose move: 11
00:02  INFO: 
Black Score: 7
White Score: 13
Next player: black
Board:
 |01234567
----------
0|********
1|*01*****
2|00*11*1*
3|*0*111**
4|00101***
5|*1*1****
6|1***1***
7|********

00:02  INFO: Player chose move: 03
00:02  INFO: 
Black Score: 4
White Score: 18
Next player: black
Board:
 |01234567
----------
0|*1*0****
1|*11*****
2|01*11*1*
3|*1*111**
4|01101***
5|*1*1****
6|1***1***
7|********

00:02  INFO: Player chose move: 13
00:03  INFO: 
Black Score: 6
White Score: 18
Next player: black
Board:
 |01234567
----------
0|*1*0****
1|*1111***
2|01*01*1*
3|*1*011**
4|01101***
5|*1*1****
6|1***1***
7|********

00:03  INFO: Player chose move: 05
00:03  INFO: 
Black Score: 7
White Score: 19
Next player: black
Board:
 |01234567
----------
0|*1*0*0**
1|*11111**
2|01*01*1*
3|*1*011**
4|01101***
5|*1*1****
6|1***1***
7|********

00:03  INFO: Player chose move: 06
00:03  INFO: 
Black Score: 9
White Score: 19
Next player: black
Board:
 |01234567
----------
0|*1*0*00*
1|*111111*
2|01*00*1*
3|*1*011**
4|01101***
5|*1*1****
6|1***1***
7|********

00:03  INFO: Player chose move: 04
00:03  INFO: 
Black Score: 10
White Score: 20
Next player: black
Board:
 |01234567
----------
0|*1*0000*
1|*111011*
2|01*00*1*
3|*11111**
4|01101***
5|*1*1****
6|1***1***
7|********

00:03  INFO: Player chose move: 17
00:03  INFO: 
Black Score: 12
White Score: 20
Next player: black
Board:
 |01234567
----------
0|*1*0000*
1|*1110000
2|01*00*1*
3|*11111**
4|01111***
5|*1*11***
6|1***1***
7|********

00:03  INFO: Player chose move: 10
00:04  INFO: 
Black Score: 14
White Score: 20
Next player: black
Board:
 |01234567
----------
0|*110000*
1|00010000
2|01*01*1*
3|*11111**
4|01111***
5|*1*11***
6|1***1***
7|********

00:04  INFO: Player chose move: 00
00:04  INFO: 
Black Score: 16
White Score: 20
Next player: black
Board:
 |01234567
----------
0|0000000*
1|00010000
2|01111*1*
3|*11111**
4|01111***
5|*1*11***
6|1***1***
7|********

00:04  INFO: Player chose move: 30
00:04  INFO: 
Black Score: 18
White Score: 19
Next player: black
Board:
 |01234567
----------
0|0000000*
1|00010000
2|00111*1*
3|011111**
4|01111***
5|*1*11***
6|1***1***
7|********

00:04  INFO: Player chose move: 36
00:04  INFO: 
Black Score: 24
White Score: 15
Next player: black
Board:
 |01234567
----------
0|0000000*
1|00010000
2|00111*0*
3|0000100*
4|011111**
5|*1*11***
6|1***1***
7|********

00:04  INFO: Player chose move: 25
00:04  INFO: 
Black Score: 26
White Score: 15
Next player: black
Board:
 |01234567
----------
0|00000001
1|00010010
2|0000010*
3|0000100*
4|011111**
5|*1*11***
6|1***1***
7|********

00:04  INFO: Player chose move: 27
00:04  INFO: 
Black Score: 26
White Score: 17
Next player: black
Board:
 |01234567
----------
0|00000001
1|00010000
2|00001100
3|0000110*
4|0111111*
5|*1*11***
6|1***1***
7|********

00:05  INFO: Player chose move: 50
00:05  INFO: 
Black Score: 25
White Score: 20
Next player: black
Board:
 |01234567
----------
0|00000001
1|00010001
2|00001101
3|00001111
4|0011111*
5|01*11***
6|1***1***
7|********

00:05  INFO: Player chose move: 52
00:05  INFO: 
Black Score: 26
White Score: 21
Next player: black
Board:
 |01234567
----------
0|00000001
1|00010011
2|00001101
3|00001111
4|0001111*
5|00111***
6|11**1***
7|********

00:05  INFO: Player chose move: 47
00:05  INFO: 
Black Score: 31
White Score: 18
Next player: black
Board:
 |01234567
----------
0|00000001
1|00010011
2|00001001
3|00001101
4|00000011
5|00111**1
6|11**1***
7|********

00:05  INFO: Player chose move: 56
00:05  INFO: 
Black Score: 31
White Score: 20
Next player: black
Board:
 |01234567
----------
0|00000001
1|00010011
2|00001001
3|00001101
4|00000101
5|00111*11
6|11**1**1
7|********

00:05  INFO: Player chose move: 62
00:05  INFO: 
Black Score: 31
White Score: 22
Next player: black
Board:
 |01234567
----------
0|00000001
1|00010011
2|00001001
3|00001101
4|00001101
5|00011*11
6|111*1**1
7|*1******

00:05  INFO: Player chose move: 63
00:06  INFO: 
Black Score: 30
White Score: 25
Next player: black
Board:
 |01234567
----------
0|00000001
1|00010011
2|00011001
3|00011101
4|00011001
5|00010*11
6|11111**1
7|*1*1****

00:06  INFO: Player chose move: 66
00:06  INFO: 
Black Score: 27
White Score: 30
Next player: black
Board:
 |01234567
----------
0|00000001
1|00010011
2|00011011
3|00011111
4|00011011
5|00010*11
6|11111*11
7|*1*1**1*

00:06  INFO: Player chose move: 55
00:06  INFO: 
Black Score: 27
White Score: 32
Next player: black
Board:
 |01234567
----------
0|00000001
1|00010011
2|00011011
3|00001111
4|00010111
5|00011111
6|11111111
7|*1*1**1*

00:06  INFO: Player chose move: 70
00:06  INFO: 
Black Score: 30
White Score: 30
Next player: black
Board:
 |01234567
----------
0|00000001
1|00010011
2|00011011
3|00001111
4|00010111
5|00011111
6|00111111
7|01*1**1*

00:06  INFO: Player chose move: 72
00:06  INFO: 
Black Score: 33
White Score: 28
Next player: black
Board:
 |01234567
----------
0|00000001
1|00010011
2|00011011
3|00001111
4|00010111
5|00011111
6|00011111
7|0001**1*

00:06  INFO: Player chose move: 74
00:07  INFO: 
Black Score: 37
White Score: 26
Next player: black
Board:
 |01234567
----------
0|00000001
1|00010011
2|00011011
3|00001111
4|00010111
5|00010111
6|00001111
7|0000011*

00:07  INFO: Player chose move: 77
00:07  INFO: 
Black Score: 42
White Score: 22
Next player: white
Board:
 |01234567
----------
0|00000001
1|00010011
2|00011011
3|00001111
4|00010111
5|00010011
6|00001101
7|00000000

00:07  INFO: Player 0:  game terminated received
00:07  INFO: You (player 1) won!
