00:00  INFO: GameServer commandline script started
00:00  INFO: GameServer launched on port 61234
00:02  INFO: Accepted new connection from /127.0.0.1
00:02  INFO: Waiting for player name...
00:02  INFO: Received player name: LobbyHoster_861.4276311438106_1591188889735
00:02  INFO: Connection to client /127.0.0.1 with name LobbyHoster_861.4276311438106_1591188889735 established
00:02  INFO: Match received, created lobby mylobby
00:02  INFO: Now closing connection to /127.0.0.1
00:02  INFO: Removed player name LobbyHoster_861.4276311438106_1591188889735
00:02  INFO: Accepted new connection from /127.0.0.1
00:02  INFO: Waiting for player name...
00:02  INFO: Received player name: foo
00:02  INFO: Connection to client /127.0.0.1 with name foo established
00:02  INFO: Player 0 joined lobby, initiating handshake
00:02  INFO: Accepted new connection from /127.0.0.1
00:02  INFO: Waiting for player name...
00:02  INFO: Received player name: bar
00:02  INFO: Connection to client /127.0.0.1 with name bar established
00:02  INFO: Player name for id 0: foo
00:02  INFO: The number of engines has just been increased to : 1
00:02  INFO: Removed player name foo
00:02  INFO: Player 1 joined lobby, initiating handshake
00:02  INFO: Player name for id 1: bar
00:02  INFO: The number of engines has just been increased to : 2
00:02  INFO: Starting game
00:02  INFO: Removed lobby with name mylobby
00:02  INFO: Removed player name foo
00:02  INFO: Removed player name bar
00:03  INFO: Registering referee "za.ac.sun.cs.ingenious.games.domineering.DomineeringReferee" as "DomineeringReferee"
00:03  INFO: Registering referee "za.ac.sun.cs.ingenious.games.cardGames.hearts.game.HeartsReferee" as "HeartsReferee"
00:03  INFO: Registering referee "za.ac.sun.cs.ingenious.games.bomberman.BMReferee" as "BMReferee"
00:03  INFO: Registering referee "za.ac.sun.cs.ingenious.games.tictactoe.TTTReferee" as "TTTReferee"
00:03  INFO: Registering referee "za.ac.sun.cs.ingenious.games.mnk.MNKReferee" as "MNKReferee"
00:03  INFO: Registering referee "za.ac.sun.cs.ingenious.games.othello.OthelloReferee" as "OthelloReferee"
00:03  INFO: Registering referee "za.ac.sun.cs.ingenious.games.loa.LOAController" as "LOAController"
00:03  INFO: Registering referee "za.ac.sun.cs.ingenious.games.cardGames.uno.game.UnoReferee" as "UnoReferee"
00:03  INFO: Removed player name bar
00:03  INFO: ===================
00:03  INFO: Starting OthelloReferee
00:03  INFO: ===================
00:03  INFO: Game state is now:
00:03  INFO: 
Black Score: 4
White Score: 1
Next player: white
Board:
 |01234567
----------
0|********
1|********
2|***0****
3|***00***
4|***01***
5|********
6|********
7|********

00:03  INFO: Game state is now:
00:03  INFO: 
Black Score: 3
White Score: 3
Next player: black
Board:
 |01234567
----------
0|********
1|********
2|***0****
3|***00***
4|**111***
5|********
6|********
7|********

00:03  INFO: Game state is now:
00:03  INFO: 
Black Score: 5
White Score: 2
Next player: white
Board:
 |01234567
----------
0|********
1|********
2|***0****
3|***00***
4|**011***
5|*0******
6|********
7|********

00:03  INFO: Game state is now:
00:03  INFO: 
Black Score: 3
White Score: 5
Next player: black
Board:
 |01234567
----------
0|********
1|***1****
2|***1****
3|***10***
4|**011***
5|*0******
6|********
7|********

00:04  INFO: Game state is now:
00:04  INFO: 
Black Score: 5
White Score: 4
Next player: white
Board:
 |01234567
----------
0|********
1|***1****
2|***1****
3|***10***
4|**010***
5|*0**0***
6|********
7|********

00:04  INFO: Game state is now:
00:04  INFO: 
Black Score: 3
White Score: 7
Next player: black
Board:
 |01234567
----------
0|********
1|***1****
2|***1****
3|***10***
4|**110***
5|*1**0***
6|1*******
7|********

00:04  INFO: Game state is now:
00:04  INFO: 
Black Score: 5
White Score: 6
Next player: white
Board:
 |01234567
----------
0|********
1|**01****
2|***0****
3|***10***
4|**110***
5|*1**0***
6|1*******
7|********

00:04  INFO: Game state is now:
00:04  INFO: 
Black Score: 4
White Score: 8
Next player: black
Board:
 |01234567
----------
0|********
1|**01****
2|***0****
3|***10***
4|**110***
5|*1**1***
6|1****1**
7|********

00:04  INFO: Game state is now:
00:04  INFO: 
Black Score: 6
White Score: 7
Next player: white
Board:
 |01234567
----------
0|***0****
1|**00****
2|***0****
3|***10***
4|**110***
5|*1**1***
6|1****1**
7|********

00:04  INFO: Game state is now:
00:04  INFO: 
Black Score: 5
White Score: 9
Next player: black
Board:
 |01234567
----------
0|***0****
1|**00****
2|***0****
3|***111**
4|**110***
5|*1**1***
6|1****1**
7|********

00:04  INFO: Game state is now:
00:04  INFO: 
Black Score: 7
White Score: 8
Next player: white
Board:
 |01234567
----------
0|***0****
1|**00****
2|**00****
3|***011**
4|**110***
5|*1**1***
6|1****1**
7|********

00:04  INFO: Game state is now:
00:04  INFO: 
Black Score: 6
White Score: 10
Next player: black
Board:
 |01234567
----------
0|***0****
1|**00****
2|**00****
3|**1111**
4|**110***
5|*1**1***
6|1****1**
7|********

00:04  INFO: Game state is now:
00:04  INFO: 
Black Score: 8
White Score: 9
Next player: white
Board:
 |01234567
----------
0|***0****
1|**00****
2|**000***
3|**1101**
4|**110***
5|*1**1***
6|1****1**
7|********

00:04  INFO: Game state is now:
00:04  INFO: 
Black Score: 4
White Score: 14
Next player: black
Board:
 |01234567
----------
0|***0****
1|**001***
2|**011***
3|**1111**
4|**111***
5|*1**1***
6|1****1**
7|********

00:05  INFO: Game state is now:
00:05  INFO: 
Black Score: 7
White Score: 12
Next player: white
Board:
 |01234567
----------
0|***0****
1|**001***
2|**001***
3|**1101**
4|**1110**
5|*1**1***
6|1****1**
7|********

00:05  INFO: Game state is now:
00:05  INFO: 
Black Score: 5
White Score: 15
Next player: black
Board:
 |01234567
----------
0|***0****
1|**001***
2|*1111***
3|**1101**
4|**1110**
5|*1**1***
6|1****1**
7|********

00:05  INFO: Game state is now:
00:05  INFO: 
Black Score: 7
White Score: 14
Next player: white
Board:
 |01234567
----------
0|***0****
1|**0000**
2|*1111***
3|**1101**
4|**1110**
5|*1**1***
6|1****1**
7|********

00:05  INFO: Game state is now:
00:05  INFO: 
Black Score: 5
White Score: 17
Next player: black
Board:
 |01234567
----------
0|***01***
1|**0110**
2|*1111***
3|**1101**
4|**1110**
5|*1**1***
6|1****1**
7|********

00:05  INFO: Game state is now:
00:05  INFO: 
Black Score: 7
White Score: 16
Next player: white
Board:
 |01234567
----------
0|***000**
1|**0110**
2|*1111***
3|**1101**
4|**1110**
5|*1**1***
6|1****1**
7|********

00:05  INFO: Game state is now:
00:05  INFO: 
Black Score: 5
White Score: 19
Next player: black
Board:
 |01234567
----------
0|***000**
1|**0110**
2|*1111***
3|**1111**
4|**1111**
5|*1**1*1*
6|1****1**
7|********

00:05  INFO: Game state is now:
00:05  INFO: 
Black Score: 7
White Score: 18
Next player: white
Board:
 |01234567
----------
0|***000**
1|**0110**
2|*0111***
3|0*1111**
4|**1111**
5|*1**1*1*
6|1****1**
7|********

00:05  INFO: Game state is now:
00:05  INFO: 
Black Score: 6
White Score: 20
Next player: black
Board:
 |01234567
----------
0|***0001*
1|**0111**
2|*0111***
3|0*1111**
4|**1111**
5|*1**1*1*
6|1****1**
7|********

00:05  INFO: Game state is now:
00:05  INFO: 
Black Score: 8
White Score: 19
Next player: white
Board:
 |01234567
----------
0|***00000
1|**0111**
2|*0111***
3|0*1111**
4|**1111**
5|*1**1*1*
6|1****1**
7|********

00:05  INFO: Game state is now:
00:05  INFO: 
Black Score: 7
White Score: 21
Next player: black
Board:
 |01234567
----------
0|***00000
1|**0111**
2|11111***
3|0*1111**
4|**1111**
5|*1**1*1*
6|1****1**
7|********

00:05  INFO: Game state is now:
00:05  INFO: 
Black Score: 9
White Score: 20
Next player: white
Board:
 |01234567
----------
0|***00000
1|0*0111**
2|01111***
3|0*1111**
4|**1111**
5|*1**1*1*
6|1****1**
7|********

00:06  INFO: Game state is now:
00:06  INFO: 
Black Score: 8
White Score: 22
Next player: black
Board:
 |01234567
----------
0|***00000
1|011111**
2|01111***
3|0*1111**
4|**1111**
5|*1**1*1*
6|1****1**
7|********

00:06  INFO: Game state is now:
00:06  INFO: 
Black Score: 10
White Score: 21
Next player: white
Board:
 |01234567
----------
0|***00000
1|011110**
2|01111*0*
3|0*1111**
4|**1111**
5|*1**1*1*
6|1****1**
7|********

00:06  INFO: Game state is now:
00:06  INFO: 
Black Score: 9
White Score: 23
Next player: black
Board:
 |01234567
----------
0|***00000
1|011110*1
2|01111*1*
3|0*1111**
4|**1111**
5|*1**1*1*
6|1****1**
7|********

00:06  INFO: Game state is now:
00:06  INFO: 
Black Score: 11
White Score: 22
Next player: white
Board:
 |01234567
----------
0|**000000
1|001110*1
2|01111*1*
3|0*1111**
4|**1111**
5|*1**1*1*
6|1****1**
7|********

00:06  INFO: Game state is now:
00:06  INFO: 
Black Score: 10
White Score: 24
Next player: black
Board:
 |01234567
----------
0|**000000
1|00111111
2|01111*1*
3|0*1111**
4|**1111**
5|*1**1*1*
6|1****1**
7|********

00:06  INFO: Game state is now:
00:06  INFO: 
Black Score: 13
White Score: 22
Next player: white
Board:
 |01234567
----------
0|**000000
1|00111100
2|01111*10
3|0*1111**
4|**1111**
5|*1**1*1*
6|1****1**
7|********

00:06  INFO: Game state is now:
00:06  INFO: 
Black Score: 12
White Score: 24
Next player: black
Board:
 |01234567
----------
0|*1000000
1|01111100
2|01111*10
3|0*1111**
4|**1111**
5|*1**1*1*
6|1****1**
7|********

00:06  INFO: Game state is now:
00:06  INFO: 
Black Score: 14
White Score: 23
Next player: white
Board:
 |01234567
----------
0|00000000
1|01111100
2|01111*10
3|0*1111**
4|**1111**
5|*1**1*1*
6|1****1**
7|********

00:06  INFO: Game state is now:
00:06  INFO: 
Black Score: 14
White Score: 23
Next player: black
Board:
 |01234567
----------
0|00000000
1|01111100
2|01111*10
3|0*1111**
4|**1111**
5|*1**1*1*
6|1****1**
7|********

00:06  INFO: Game state is now:
00:06  INFO: 
Black Score: 19
White Score: 19
Next player: white
Board:
 |01234567
----------
0|00000000
1|00101100
2|00011*10
3|001111**
4|**1111**
5|*1**1*1*
6|1****1**
7|********

00:07  INFO: Game state is now:
00:07  INFO: 
Black Score: 19
White Score: 19
Next player: black
Board:
 |01234567
----------
0|00000000
1|00101100
2|00011*10
3|001111**
4|**1111**
5|*1**1*1*
6|1****1**
7|********

00:07  INFO: Game state is now:
00:07  INFO: 
Black Score: 25
White Score: 14
Next player: white
Board:
 |01234567
----------
0|00000000
1|00100000
2|00000000
3|001111**
4|**1111**
5|*1**1*1*
6|1****1**
7|********

00:07  INFO: Game state is now:
00:07  INFO: 
Black Score: 25
White Score: 14
Next player: black
Board:
 |01234567
----------
0|00000000
1|00100000
2|00000000
3|001111**
4|**1111**
5|*1**1*1*
6|1****1**
7|********

00:07  INFO: Game state is now:
00:07  INFO: 
Black Score: 30
White Score: 10
Next player: white
Board:
 |01234567
----------
0|00000000
1|00100000
2|00000000
3|0000000*
4|**1111**
5|*1**1*1*
6|1****1**
7|********

00:07  INFO: Game state is now:
00:07  INFO: 
Black Score: 30
White Score: 10
Next player: black
Board:
 |01234567
----------
0|00000000
1|00100000
2|00000000
3|0000000*
4|**1111**
5|*1**1*1*
6|1****1**
7|********

00:07  INFO: Game state is now:
00:07  INFO: 
Black Score: 33
White Score: 8
Next player: white
Board:
 |01234567
----------
0|00000000
1|00100000
2|00000000
3|0000000*
4|**0011**
5|*10*1*1*
6|1****1**
7|********

00:07  INFO: Game state is now:
00:07  INFO: 
Black Score: 29
White Score: 13
Next player: black
Board:
 |01234567
----------
0|00000000
1|00100000
2|00100000
3|0010000*
4|**1011**
5|*11*1*1*
6|1*1**1**
7|********

00:07  INFO: Game state is now:
00:07  INFO: 
Black Score: 32
White Score: 11
Next player: white
Board:
 |01234567
----------
0|00000000
1|00100000
2|00100000
3|0000000*
4|*00011**
5|*11*1*1*
6|1*1**1**
7|********

00:07  INFO: Game state is now:
00:07  INFO: 
Black Score: 28
White Score: 16
Next player: black
Board:
 |01234567
----------
0|00000000
1|00100000
2|00100000
3|0100000*
4|111111**
5|*11*1*1*
6|1*1**1**
7|********

00:07  INFO: Game state is now:
00:07  INFO: 
Black Score: 31
White Score: 14
Next player: white
Board:
 |01234567
----------
0|00000000
1|00100000
2|00100000
3|0100000*
4|111100**
5|*11*101*
6|1*1**1**
7|********

00:07  INFO: Game state is now:
00:07  INFO: 
Black Score: 28
White Score: 18
Next player: black
Board:
 |01234567
----------
0|00000000
1|00100000
2|00100000
3|0101000*
4|111110**
5|*11*111*
6|1*1**11*
7|********

00:08  INFO: Game state is now:
00:08  INFO: 
Black Score: 31
White Score: 16
Next player: white
Board:
 |01234567
----------
0|00000000
1|00100000
2|00100000
3|0101000*
4|001110**
5|011*111*
6|1*1**11*
7|********

00:08  INFO: Game state is now:
00:08  INFO: 
Black Score: 28
White Score: 20
Next player: black
Board:
 |01234567
----------
0|00000000
1|00100000
2|00100000
3|01011111
4|001110**
5|011*111*
6|1*1**11*
7|********

00:08  INFO: Game state is now:
00:08  INFO: 
Black Score: 31
White Score: 18
Next player: white
Board:
 |01234567
----------
0|00000000
1|00100000
2|00100000
3|01011001
4|0011100*
5|011*111*
6|1*1**11*
7|********

00:08  INFO: Game state is now:
00:08  INFO: 
Black Score: 29
White Score: 21
Next player: black
Board:
 |01234567
----------
0|00000000
1|00100000
2|00100000
3|01011001
4|00111111
5|011*111*
6|1*1**11*
7|********

00:08  INFO: Game state is now:
00:08  INFO: 
Black Score: 33
White Score: 18
Next player: white
Board:
 |01234567
----------
0|00000000
1|00100000
2|00100000
3|01011000
4|00111100
5|011*1110
6|1*1**11*
7|********

00:08  INFO: Game state is now:
00:08  INFO: 
Black Score: 33
White Score: 18
Next player: black
Board:
 |01234567
----------
0|00000000
1|00100000
2|00100000
3|01011000
4|00111100
5|011*1110
6|1*1**11*
7|********

00:08  INFO: Game state is now:
00:08  INFO: 
Black Score: 38
White Score: 14
Next player: white
Board:
 |01234567
----------
0|00000000
1|00100000
2|00100000
3|01010000
4|00101100
5|000*1110
6|101**11*
7|********

00:08  INFO: Game state is now:
00:08  INFO: 
Black Score: 37
White Score: 16
Next player: black
Board:
 |01234567
----------
0|00000000
1|00100000
2|00100000
3|01010000
4|00111100
5|00011110
6|101**11*
7|********

00:08  INFO: Game state is now:
00:08  INFO: 
Black Score: 44
White Score: 10
Next player: white
Board:
 |01234567
----------
0|00000000
1|00100000
2|00100000
3|01000000
4|00101000
5|00000110
6|1000*11*
7|********

00:08  INFO: Game state is now:
00:08  INFO: 
Black Score: 42
White Score: 13
Next player: black
Board:
 |01234567
----------
0|00000000
1|00100000
2|00100000
3|01000000
4|00101000
5|00100110
6|1010*11*
7|**1*****

00:08  INFO: Game state is now:
00:08  INFO: 
Black Score: 44
White Score: 12
Next player: white
Board:
 |01234567
----------
0|00000000
1|00100000
2|00100000
3|01000000
4|00101000
5|00100010
6|1010011*
7|**1*****

00:09  INFO: Game state is now:
00:09  INFO: 
Black Score: 41
White Score: 16
Next player: black
Board:
 |01234567
----------
0|00000000
1|00100000
2|00100000
3|01000000
4|00101000
5|00101010
6|1011111*
7|**1*1***

00:09  INFO: Game state is now:
00:09  INFO: 
Black Score: 43
White Score: 15
Next player: white
Board:
 |01234567
----------
0|00000000
1|00100000
2|00100000
3|01000000
4|00101000
5|00101010
6|0011111*
7|0*1*1***

00:09  INFO: Game state is now:
00:09  INFO: 
Black Score: 40
White Score: 19
Next player: black
Board:
 |01234567
----------
0|00000000
1|00100000
2|00100000
3|01000000
4|01101000
5|01101010
6|0111111*
7|011*1***

00:09  INFO: Game state is now:
00:09  INFO: 
Black Score: 47
White Score: 13
Next player: white
Board:
 |01234567
----------
0|00000000
1|00100000
2|00100000
3|01000000
4|01101000
5|00101010
6|0100011*
7|00001***

00:09  INFO: Game state is now:
00:09  INFO: 
Black Score: 45
White Score: 16
Next player: black
Board:
 |01234567
----------
0|00000000
1|00100000
2|00100000
3|01000000
4|01101000
5|00111010
6|0100111*
7|000011**

00:09  INFO: Game state is now:
00:09  INFO: 
Black Score: 50
White Score: 12
Next player: white
Board:
 |01234567
----------
0|00000000
1|00100000
2|00100000
3|01000000
4|01101000
5|00111000
6|01000000
7|000011**

00:09  INFO: Game state is now:
00:09  INFO: 
Black Score: 48
White Score: 15
Next player: black
Board:
 |01234567
----------
0|00000000
1|00100000
2|00100000
3|01000000
4|01101000
5|00111100
6|01000010
7|000011*1

00:09  INFO: Game state is now:
00:09  INFO: 
Black Score: 52
White Score: 12
Next player: white
Board:
 |01234567
----------
0|00000000
1|00100000
2|00100000
3|01000000
4|01101000
5|00111100
6|01000000
7|00000001

00:09  INFO: Game has terminated!
00:09  INFO: Final scores:
00:09  INFO: Player 0 (foo): 52.0
00:09  INFO: Player 1 (bar): 12.0
00:09  INFO: ========================
00:09  INFO: Shutting down OthelloReferee
00:09  INFO: ========================
