00:00  INFO: Client commandline script started
00:00  INFO: Connecting to localhost:61234
00:00  INFO: Registering: bar
00:00  INFO: Refresh requested
00:00  INFO: 
Black Score: 4
White Score: 1
Next player: white
Board:
 |01234567
----------
0|********
1|********
2|***0****
3|***00***
4|***01***
5|********
6|********
7|********

00:01  INFO: Player chose move: 42
00:01  INFO: 
Black Score: 5
White Score: 2
Next player: white
Board:
 |01234567
----------
0|********
1|********
2|***0****
3|***00***
4|**011***
5|*0******
6|********
7|********

00:01  INFO: Player chose move: 13
00:01  INFO: 
Black Score: 5
White Score: 4
Next player: white
Board:
 |01234567
----------
0|********
1|***1****
2|***1****
3|***10***
4|**010***
5|*0**0***
6|********
7|********

00:01  INFO: Player chose move: 65
00:01  INFO: 
Black Score: 6
White Score: 5
Next player: white
Board:
 |01234567
----------
0|********
1|***1****
2|***1****
3|***10***
4|**010***
5|*0**0***
6|****01**
7|********

00:01  INFO: Player chose move: 63
00:01  INFO: 
Black Score: 7
White Score: 6
Next player: white
Board:
 |01234567
----------
0|********
1|***1****
2|***1****
3|***10***
4|**010***
5|*0**0***
6|***011**
7|**0*****

00:01  INFO: Player chose move: 55
00:02  INFO: 
Black Score: 8
White Score: 7
Next player: white
Board:
 |01234567
----------
0|********
1|***1****
2|***1****
3|***10***
4|**011***
5|*0**000*
6|***011**
7|**0*****

00:02  INFO: Player chose move: 46
00:02  INFO: 
Black Score: 9
White Score: 8
Next player: white
Board:
 |01234567
----------
0|********
1|***1****
2|***1****
3|***10*0*
4|**011*0*
5|*0**010*
6|***011**
7|**0*****

00:02  INFO: Player chose move: 24
00:02  INFO: 
Black Score: 11
White Score: 8
Next player: white
Board:
 |01234567
----------
0|********
1|***1****
2|***11***
3|***11*0*
4|**011*0*
5|*0**010*
6|***0000*
7|**0*****

00:02  INFO: Player chose move: 73
00:02  INFO: 
Black Score: 13
White Score: 8
Next player: white
Board:
 |01234567
----------
0|********
1|***1****
2|***11***
3|***11*0*
4|**011*0*
5|*0**010*
6|***0000*
7|**000***

00:02  INFO: Player chose move: 75
00:02  INFO: 
Black Score: 15
White Score: 8
Next player: white
Board:
 |01234567
----------
0|********
1|***1****
2|***11***
3|***11*0*
4|**011*0*
5|*0**010*
6|***0000*
7|**00000*

00:02  INFO: Player chose move: 41
00:02  INFO: 
Black Score: 16
White Score: 9
Next player: white
Board:
 |01234567
----------
0|********
1|***1****
2|***11***
3|*0*11*0*
4|*0111*0*
5|*0**010*
6|***0000*
7|**00000*

00:03  INFO: Player chose move: 60
00:03  INFO: 
Black Score: 17
White Score: 10
Next player: white
Board:
 |01234567
----------
0|********
1|***1****
2|***11***
3|*0*11*0*
4|*0111*0*
5|*0**010*
6|10*0000*
7|**00000*

00:03  INFO: Player chose move: 62
00:03  INFO: 
Black Score: 18
White Score: 11
Next player: white
Board:
 |01234567
----------
0|********
1|***1****
2|***11***
3|*0*11*0*
4|*0111*0*
5|00**010*
6|1010000*
7|**00000*

00:03  INFO: Player chose move: 67
00:03  INFO: 
Black Score: 17
White Score: 14
Next player: white
Board:
 |01234567
----------
0|********
1|***1****
2|***11***
3|*0*11*0*
4|*0111*0*
5|000*010*
6|10001111
7|**00000*

00:03  INFO: Player chose move: 37
00:03  INFO: 
Black Score: 18
White Score: 15
Next player: white
Board:
 |01234567
----------
0|********
1|***1****
2|***11***
3|*0*11*01
4|*0111*1*
5|000*0100
6|10001101
7|**00000*

00:03  INFO: Player chose move: 35
00:03  INFO: 
Black Score: 21
White Score: 14
Next player: white
Board:
 |01234567
----------
0|********
1|***10***
2|***10***
3|*0*10111
4|*0110*1*
5|000*0100
6|10001101
7|**00000*

00:03  INFO: Player chose move: 77
00:04  INFO: 
Black Score: 22
White Score: 15
Next player: white
Board:
 |01234567
----------
0|**0*****
1|***00***
2|***10***
3|*0*10111
4|*0110*1*
5|000*0100
6|10001111
7|**000001

00:04  INFO: Player chose move: 53
00:04  INFO: 
Black Score: 22
White Score: 17
Next player: white
Board:
 |01234567
----------
0|**0*****
1|**000***
2|***00***
3|*0*10111
4|*0111*1*
5|00011100
6|10001111
7|**000001

00:04  INFO: Player chose move: 40
00:04  INFO: 
Black Score: 22
White Score: 19
Next player: white
Board:
 |01234567
----------
0|**0*****
1|**000***
2|***00***
3|00*10111
4|10111*1*
5|10011100
6|10001111
7|**000001

00:04  INFO: Player chose move: 03
00:04  INFO: 
Black Score: 22
White Score: 21
Next player: white
Board:
 |01234567
----------
0|**000***
1|**010***
2|***10***
3|00*10111
4|10111*1*
5|10011100
6|10001111
7|**000001

00:04  INFO: Player chose move: 47
00:04  INFO: 
Black Score: 23
White Score: 22
Next player: white
Board:
 |01234567
----------
0|**000***
1|**000***
2|**000***
3|00*10111
4|10111*11
5|10011111
6|10001111
7|**000001

00:04  INFO: Player chose move: 70
00:05  INFO: 
Black Score: 28
White Score: 19
Next player: white
Board:
 |01234567
----------
0|**000***
1|**000***
2|**000***
3|00000111
4|10001*11
5|10010111
6|11001011
7|1*000001

00:05  INFO: Player chose move: 05
00:05  INFO: 
Black Score: 26
White Score: 23
Next player: white
Board:
 |01234567
----------
0|**00000*
1|**001***
2|**010***
3|00100111
4|11001*11
5|10010111
6|11001011
7|1*000001

00:05  INFO: Player chose move: 71
00:05  INFO: 
Black Score: 22
White Score: 29
Next player: white
Board:
 |01234567
----------
0|**00000*
1|**0000**
2|**010***
3|00100111
4|11001*11
5|10010111
6|11101011
7|11111111

00:05  INFO: Player chose move: 45
00:05  INFO: 
Black Score: 21
White Score: 32
Next player: white
Board:
 |01234567
----------
0|**00000*
1|**0000**
2|*0010***
3|00001111
4|11001111
5|10011111
6|11111011
7|11111111

00:05  INFO: Player chose move: 25
00:05  INFO: 
Black Score: 24
White Score: 31
Next player: white
Board:
 |01234567
----------
0|**00000*
1|**0000**
2|*000000*
3|00001111
4|11001111
5|10011111
6|11111011
7|11111111

00:05  INFO: Player chose move: 20
00:05  INFO: 
Black Score: 21
White Score: 35
Next player: white
Board:
 |01234567
----------
0|**00000*
1|**0000**
2|1000000*
3|11001111
4|11101111
5|10011111
6|11111011
7|11111111

00:05  INFO: Player chose move: 01
00:06  INFO: 
Black Score: 21
White Score: 37
Next player: white
Board:
 |01234567
----------
0|0000000*
1|**1000**
2|1001000*
3|11001111
4|11101111
5|10011111
6|11111011
7|11111111

00:06  INFO: Player chose move: 10
00:06  INFO: 
Black Score: 23
White Score: 37
Next player: white
Board:
 |01234567
----------
0|0000000*
1|100000**
2|1001000*
3|10101111
4|10111111
5|10011111
6|11111011
7|11111111

00:06  INFO: Player chose move: 16
00:06  INFO: 
Black Score: 21
White Score: 41
Next player: white
Board:
 |01234567
----------
0|00000000
1|1111110*
2|1001001*
3|10100111
4|10101111
5|10011111
6|11111011
7|11111111

00:06  INFO: Player chose move: 17
00:06  INFO: 
Black Score: 24
White Score: 40
Next player: white
Board:
 |01234567
----------
0|00000000
1|11111100
2|10010000
3|10100111
4|10101111
5|10011111
6|11111011
7|11111111

00:06  INFO: Player 1:  game terminated received
00:06  INFO: You (player 2) won!
