00:00  INFO: GameServer commandline script started
00:00  INFO: GameServer launched on port 61234
00:02  INFO: Accepted new connection from /127.0.0.1
00:02  INFO: Waiting for player name...
00:02  INFO: Received player name: LobbyHoster_109.9921211916004_1591188823705
00:02  INFO: Connection to client /127.0.0.1 with name LobbyHoster_109.9921211916004_1591188823705 established
00:02  INFO: Match received, created lobby mylobby
00:02  INFO: Now closing connection to /127.0.0.1
00:02  INFO: Removed player name LobbyHoster_109.9921211916004_1591188823705
00:02  INFO: Accepted new connection from /127.0.0.1
00:02  INFO: Waiting for player name...
00:02  INFO: Received player name: foo
00:02  INFO: Connection to client /127.0.0.1 with name foo established
00:02  INFO: Accepted new connection from /127.0.0.1
00:02  INFO: Waiting for player name...
00:02  INFO: Received player name: bar
00:02  INFO: Connection to client /127.0.0.1 with name bar established
00:02  INFO: Player 0 joined lobby, initiating handshake
00:02  INFO: Player name for id 0: foo
00:02  INFO: The number of engines has just been increased to : 1
00:02  INFO: Removed player name foo
00:02  INFO: Player 1 joined lobby, initiating handshake
00:02  INFO: Player name for id 1: bar
00:02  INFO: The number of engines has just been increased to : 2
00:02  INFO: Starting game
00:02  INFO: Removed lobby with name mylobby
00:02  INFO: Removed player name foo
00:02  INFO: Removed player name bar
00:03  INFO: Registering referee "za.ac.sun.cs.ingenious.games.cardGames.hearts.game.HeartsReferee" as "HeartsReferee"
00:03  INFO: Registering referee "za.ac.sun.cs.ingenious.games.tictactoe.TTTReferee" as "TTTReferee"
00:03  INFO: Registering referee "za.ac.sun.cs.ingenious.games.mnk.MNKReferee" as "MNKReferee"
00:03  INFO: Registering referee "za.ac.sun.cs.ingenious.games.bomberman.BMReferee" as "BMReferee"
00:03  INFO: Registering referee "za.ac.sun.cs.ingenious.games.domineering.DomineeringReferee" as "DomineeringReferee"
00:03  INFO: Registering referee "za.ac.sun.cs.ingenious.games.loa.LOAController" as "LOAController"
00:03  INFO: Registering referee "za.ac.sun.cs.ingenious.games.othello.OthelloReferee" as "OthelloReferee"
00:03  INFO: Registering referee "za.ac.sun.cs.ingenious.games.cardGames.uno.game.UnoReferee" as "UnoReferee"
00:03  INFO: Removed player name bar
00:03  INFO: ===================
00:03  INFO: Starting OthelloReferee
00:03  INFO: ===================
00:03  INFO: Game state is now:
00:03  INFO: 
Black Score: 4
White Score: 1
Next player: white
Board:
 |01234567
----------
0|********
1|********
2|***0****
3|***00***
4|***01***
5|********
6|********
7|********

00:03  INFO: Game state is now:
00:03  INFO: 
Black Score: 3
White Score: 3
Next player: black
Board:
 |01234567
----------
0|********
1|********
2|**10****
3|***10***
4|***01***
5|********
6|********
7|********

00:03  INFO: Game state is now:
00:03  INFO: 
Black Score: 5
White Score: 2
Next player: white
Board:
 |01234567
----------
0|********
1|********
2|*000****
3|***10***
4|***01***
5|********
6|********
7|********

00:03  INFO: Game state is now:
00:03  INFO: 
Black Score: 4
White Score: 4
Next player: black
Board:
 |01234567
----------
0|********
1|********
2|*000****
3|***111**
4|***01***
5|********
6|********
7|********

00:04  INFO: Game state is now:
00:04  INFO: 
Black Score: 7
White Score: 2
Next player: white
Board:
 |01234567
----------
0|********
1|********
2|*000****
3|***101**
4|***000**
5|********
6|********
7|********

00:04  INFO: Game state is now:
00:04  INFO: 
Black Score: 6
White Score: 4
Next player: black
Board:
 |01234567
----------
0|********
1|***1****
2|*001****
3|***101**
4|***000**
5|********
6|********
7|********

00:04  INFO: Game state is now:
00:04  INFO: 
Black Score: 8
White Score: 3
Next player: white
Board:
 |01234567
----------
0|********
1|**01****
2|*000****
3|***101**
4|***000**
5|********
6|********
7|********

00:04  INFO: Game state is now:
00:04  INFO: 
Black Score: 7
White Score: 5
Next player: black
Board:
 |01234567
----------
0|********
1|**01****
2|*010****
3|*1*101**
4|***000**
5|********
6|********
7|********

00:04  INFO: Game state is now:
00:04  INFO: 
Black Score: 9
White Score: 4
Next player: white
Board:
 |01234567
----------
0|***0****
1|**00****
2|*010****
3|*1*101**
4|***000**
5|********
6|********
7|********

00:04  INFO: Game state is now:
00:04  INFO: 
Black Score: 8
White Score: 6
Next player: black
Board:
 |01234567
----------
0|***0****
1|*100****
2|*110****
3|*1*101**
4|***000**
5|********
6|********
7|********

00:04  INFO: Game state is now:
00:04  INFO: 
Black Score: 11
White Score: 4
Next player: white
Board:
 |01234567
----------
0|***0****
1|*100****
2|0000****
3|*1*101**
4|***000**
5|********
6|********
7|********

00:04  INFO: Game state is now:
00:04  INFO: 
Black Score: 9
White Score: 7
Next player: black
Board:
 |01234567
----------
0|***01***
1|*101****
2|0010****
3|*1*101**
4|***000**
5|********
6|********
7|********

00:04  INFO: Game state is now:
00:04  INFO: 
Black Score: 11
White Score: 6
Next player: white
Board:
 |01234567
----------
0|***000**
1|*101****
2|0010****
3|*1*101**
4|***000**
5|********
6|********
7|********

00:04  INFO: Game state is now:
00:04  INFO: 
Black Score: 10
White Score: 8
Next player: black
Board:
 |01234567
----------
0|**1000**
1|*111****
2|0010****
3|*1*101**
4|***000**
5|********
6|********
7|********

00:05  INFO: Game state is now:
00:05  INFO: 
Black Score: 14
White Score: 5
Next player: white
Board:
 |01234567
----------
0|0*1000**
1|*011****
2|0000****
3|*1*001**
4|***000**
5|********
6|********
7|********

00:05  INFO: Game state is now:
00:05  INFO: 
Black Score: 11
White Score: 9
Next player: black
Board:
 |01234567
----------
0|0*1000**
1|*011****
2|0010****
3|*11111**
4|***000**
5|********
6|********
7|********

00:05  INFO: Game state is now:
00:05  INFO: 
Black Score: 14
White Score: 7
Next player: white
Board:
 |01234567
----------
0|000000**
1|*001****
2|0010****
3|*11111**
4|***000**
5|********
6|********
7|********

00:05  INFO: Game state is now:
00:05  INFO: 
Black Score: 12
White Score: 10
Next player: black
Board:
 |01234567
----------
0|000000**
1|*001****
2|0010****
3|*11111**
4|***110**
5|***1****
6|********
7|********

00:05  INFO: Game state is now:
00:05  INFO: 
Black Score: 14
White Score: 9
Next player: white
Board:
 |01234567
----------
0|000000**
1|*0000***
2|0010****
3|*11111**
4|***110**
5|***1****
6|********
7|********

00:05  INFO: Game state is now:
00:05  INFO: 
Black Score: 13
White Score: 11
Next player: black
Board:
 |01234567
----------
0|000000**
1|*0000***
2|0010****
3|*11111**
4|***1111*
5|***1****
6|********
7|********

00:05  INFO: Game state is now:
00:05  INFO: 
Black Score: 16
White Score: 9
Next player: white
Board:
 |01234567
----------
0|000000**
1|*0000***
2|0000****
3|*01111**
4|0**1111*
5|***1****
6|********
7|********

00:05  INFO: Game state is now:
00:05  INFO: 
Black Score: 15
White Score: 11
Next player: black
Board:
 |01234567
----------
0|000000**
1|*0000***
2|0000****
3|111111**
4|0**1111*
5|***1****
6|********
7|********

00:05  INFO: Game state is now:
00:05  INFO: 
Black Score: 18
White Score: 9
Next player: white
Board:
 |01234567
----------
0|000000**
1|*0000***
2|0000****
3|100111**
4|00*1111*
5|***1****
6|********
7|********

00:05  INFO: Game state is now:
00:05  INFO: 
Black Score: 15
White Score: 13
Next player: black
Board:
 |01234567
----------
0|000000**
1|10000***
2|1100****
3|101111**
4|00*1111*
5|***1****
6|********
7|********

00:05  INFO: Game state is now:
00:05  INFO: 
Black Score: 20
White Score: 9
Next player: white
Board:
 |01234567
----------
0|000000**
1|10000***
2|1100****
3|1000000*
4|00*1111*
5|***1****
6|********
7|********

00:06  INFO: Game state is now:
00:06  INFO: 
Black Score: 19
White Score: 11
Next player: black
Board:
 |01234567
----------
0|000000**
1|10000***
2|1100****
3|1000000*
4|10*1111*
5|1**1****
6|********
7|********

00:06  INFO: Game state is now:
00:06  INFO: 
Black Score: 21
White Score: 10
Next player: white
Board:
 |01234567
----------
0|000000**
1|10000***
2|1100****
3|1000000*
4|10*0111*
5|1*01****
6|********
7|********

00:06  INFO: Game state is now:
00:06  INFO: 
Black Score: 18
White Score: 14
Next player: black
Board:
 |01234567
----------
0|000000**
1|10000***
2|1100****
3|1100000*
4|11*0111*
5|1111****
6|********
7|********

00:06  INFO: Game state is now:
00:06  INFO: 
Black Score: 22
White Score: 11
Next player: white
Board:
 |01234567
----------
0|000000**
1|10000***
2|1100****
3|1100000*
4|11*00000
5|1111****
6|********
7|********

00:06  INFO: Game state is now:
00:06  INFO: 
Black Score: 20
White Score: 14
Next player: black
Board:
 |01234567
----------
0|000000**
1|10000***
2|1100**1*
3|1100010*
4|11*01000
5|1111****
6|********
7|********

00:06  INFO: Game state is now:
00:06  INFO: 
Black Score: 22
White Score: 13
Next player: white
Board:
 |01234567
----------
0|000000**
1|10000*0*
2|1100**0*
3|1100010*
4|11*01000
5|1111****
6|********
7|********

00:06  INFO: Game state is now:
00:06  INFO: 
Black Score: 21
White Score: 15
Next player: black
Board:
 |01234567
----------
0|000000**
1|10000*0*
2|1100**0*
3|1100010*
4|11*01010
5|1111***1
6|********
7|********

00:06  INFO: Game state is now:
00:06  INFO: 
Black Score: 23
White Score: 14
Next player: white
Board:
 |01234567
----------
0|000000**
1|10000*0*
2|1100*00*
3|1100000*
4|11*01010
5|1111***1
6|********
7|********

00:06  INFO: Game state is now:
00:06  INFO: 
Black Score: 21
White Score: 17
Next player: black
Board:
 |01234567
----------
0|000000**
1|10000*01
2|1100*01*
3|1100010*
4|11*01010
5|1111***1
6|********
7|********

00:06  INFO: Game state is now:
00:06  INFO: 
Black Score: 23
White Score: 16
Next player: white
Board:
 |01234567
----------
0|000000**
1|10000*01
2|1100*01*
3|1100010*
4|11*00010
5|11110**1
6|********
7|********

00:07  INFO: Game state is now:
00:07  INFO: 
Black Score: 20
White Score: 20
Next player: black
Board:
 |01234567
----------
0|000000**
1|10000*01
2|1111111*
3|1100010*
4|11*00010
5|11110**1
6|********
7|********

00:07  INFO: Game state is now:
00:07  INFO: 
Black Score: 22
White Score: 19
Next player: white
Board:
 |01234567
----------
0|000000**
1|10000*01
2|1111111*
3|1100010*
4|11*00000
5|11110*01
6|********
7|********

00:07  INFO: Game state is now:
00:07  INFO: 
Black Score: 20
White Score: 22
Next player: black
Board:
 |01234567
----------
0|000000**
1|10000*01
2|1111111*
3|11000111
4|11*00001
5|11110*01
6|********
7|********

00:07  INFO: Game state is now:
00:07  INFO: 
Black Score: 26
White Score: 17
Next player: white
Board:
 |01234567
----------
0|000000**
1|00000*01
2|0111111*
3|01000111
4|01*00001
5|01110*01
6|0*******
7|********

00:07  INFO: Game state is now:
00:07  INFO: 
Black Score: 20
White Score: 24
Next player: black
Board:
 |01234567
----------
0|000000**
1|00000*01
2|0111111*
3|01110111
4|01111111
5|01110*01
6|0*******
7|********

00:07  INFO: Game state is now:
00:07  INFO: 
Black Score: 25
White Score: 20
Next player: white
Board:
 |01234567
----------
0|000000**
1|00000001
2|0111011*
3|01100111
4|01011111
5|00110*01
6|0*******
7|********

00:07  INFO: Game state is now:
00:07  INFO: 
Black Score: 24
White Score: 22
Next player: black
Board:
 |01234567
----------
0|000000**
1|00000001
2|0111011*
3|01100111
4|01011111
5|00111*01
6|0***1***
7|********

00:07  INFO: Game state is now:
00:07  INFO: 
Black Score: 32
White Score: 15
Next player: white
Board:
 |01234567
----------
0|000000**
1|00000001
2|0111001*
3|01100011
4|01010011
5|00000001
6|0***1***
7|********

00:07  INFO: Game state is now:
00:07  INFO: 
Black Score: 31
White Score: 17
Next player: black
Board:
 |01234567
----------
0|0000001*
1|00000011
2|0111001*
3|01100011
4|01010011
5|00000001
6|0***1***
7|********

00:07  INFO: Game state is now:
00:07  INFO: 
Black Score: 34
White Score: 15
Next player: white
Board:
 |01234567
----------
0|00000000
1|00000001
2|0111001*
3|01100011
4|01010011
5|00000001
6|0***1***
7|********

00:07  INFO: Game state is now:
00:07  INFO: 
Black Score: 30
White Score: 20
Next player: black
Board:
 |01234567
----------
0|00000000
1|00000001
2|0111001*
3|01100011
4|01010111
5|00111001
6|0**11***
7|********

00:08  INFO: Game state is now:
00:08  INFO: 
Black Score: 33
White Score: 18
Next player: white
Board:
 |01234567
----------
0|00000000
1|00000000
2|01110000
3|01100011
4|01010111
5|00111001
6|0**11***
7|********

00:08  INFO: Game state is now:
00:08  INFO: 
Black Score: 32
White Score: 20
Next player: black
Board:
 |01234567
----------
0|00000000
1|00000000
2|01110000
3|01100011
4|01010111
5|01111001
6|01*11***
7|********

00:08  INFO: Game state is now:
00:08  INFO: 
Black Score: 37
White Score: 16
Next player: white
Board:
 |01234567
----------
0|00000000
1|00000000
2|01110000
3|01100011
4|01010111
5|00001001
6|00011***
7|********

00:08  INFO: Game state is now:
00:08  INFO: 
Black Score: 36
White Score: 18
Next player: black
Board:
 |01234567
----------
0|00000000
1|00000000
2|01110000
3|01100011
4|01010111
5|00001011
6|00011**1
7|********

00:08  INFO: Game state is now:
00:08  INFO: 
Black Score: 40
White Score: 15
Next player: white
Board:
 |01234567
----------
0|00000000
1|00000000
2|01110000
3|01100001
4|01010101
5|00001001
6|00011*01
7|********

00:08  INFO: Game state is now:
00:08  INFO: 
Black Score: 38
White Score: 18
Next player: black
Board:
 |01234567
----------
0|00000000
1|00000000
2|01110000
3|01100001
4|01010101
5|01001001
6|01011*01
7|*1******

00:08  INFO: Game state is now:
00:08  INFO: 
Black Score: 40
White Score: 17
Next player: white
Board:
 |01234567
----------
0|00000000
1|00000000
2|01110000
3|01100001
4|01010101
5|01001001
6|00011*01
7|01******

00:08  INFO: Game state is now:
00:08  INFO: 
Black Score: 39
White Score: 19
Next player: black
Board:
 |01234567
----------
0|00000000
1|00000000
2|01110000
3|01100001
4|01010101
5|01001001
6|00011*11
7|01***1**

00:08  INFO: Game state is now:
00:08  INFO: 
Black Score: 44
White Score: 15
Next player: white
Board:
 |01234567
----------
0|00000000
1|00000000
2|01110000
3|01100001
4|01010001
5|01000001
6|00001*11
7|000**1**

00:08  INFO: Game state is now:
00:08  INFO: 
Black Score: 41
White Score: 19
Next player: black
Board:
 |01234567
----------
0|00000000
1|00000000
2|01110000
3|01100001
4|01010001
5|01010001
6|00111*11
7|0001*1**

00:08  INFO: Game state is now:
00:08  INFO: 
Black Score: 45
White Score: 16
Next player: white
Board:
 |01234567
----------
0|00000000
1|00000000
2|01110000
3|01100001
4|01010001
5|01010001
6|00000011
7|0001*1**

00:09  INFO: Game state is now:
00:09  INFO: 
Black Score: 41
White Score: 21
Next player: black
Board:
 |01234567
----------
0|00000000
1|00000000
2|01110000
3|01100001
4|01010001
5|01110011
6|00010111
7|000111**

00:09  INFO: Game state is now:
00:09  INFO: 
Black Score: 47
White Score: 16
Next player: white
Board:
 |01234567
----------
0|00000000
1|00000000
2|01110000
3|01100000
4|01010000
5|01110010
6|00010100
7|000111*0

00:09  INFO: Game state is now:
00:09  INFO: 
Black Score: 46
White Score: 18
Next player: black
Board:
 |01234567
----------
0|00000000
1|00000000
2|01110000
3|01100000
4|01010000
5|01110010
6|00010110
7|00011110

00:09  INFO: Game has terminated!
00:09  INFO: Final scores:
00:09  INFO: Player 0 (foo): 46.0
00:09  INFO: Player 1 (bar): 18.0
00:09  INFO: ========================
00:09  INFO: Shutting down OthelloReferee
00:09  INFO: ========================
