00:00  INFO: Client commandline script started
00:00  INFO: Connecting to localhost:61234
00:00  INFO: Registering: foo
00:00  INFO: Refresh requested
00:00  INFO: 
Black Score: 2
White Score: 2
Next player: black
Board:
 |01234567
----------
0|********
1|********
2|********
3|***10***
4|***01***
5|********
6|********
7|********

00:00  INFO: Player chose move: 23
00:01  INFO: 
Black Score: 3
White Score: 3
Next player: black
Board:
 |01234567
----------
0|********
1|********
2|**10****
3|***10***
4|***01***
5|********
6|********
7|********

00:01  INFO: Player chose move: 21
00:01  INFO: 
Black Score: 4
White Score: 4
Next player: black
Board:
 |01234567
----------
0|********
1|********
2|*000****
3|***111**
4|***01***
5|********
6|********
7|********

00:01  INFO: Player chose move: 45
00:01  INFO: 
Black Score: 5
White Score: 5
Next player: black
Board:
 |01234567
----------
0|********
1|********
2|*000****
3|***101**
4|***011**
5|*****1**
6|********
7|********

00:01  INFO: Player chose move: 32
00:01  INFO: 
Black Score: 5
White Score: 7
Next player: black
Board:
 |01234567
----------
0|********
1|**1*****
2|*001****
3|**0011**
4|***011**
5|*****1**
6|********
7|********

00:01  INFO: Player chose move: 02
00:01  INFO: 
Black Score: 5
White Score: 9
Next player: black
Board:
 |01234567
----------
0|**0*****
1|**0*****
2|*001****
3|*11111**
4|***011**
5|*****1**
6|********
7|********

00:02  INFO: Player chose move: 25
00:02  INFO: 
Black Score: 6
White Score: 10
Next player: black
Board:
 |01234567
----------
0|**0*****
1|1*0*****
2|*101*0**
3|*11101**
4|***011**
5|*****1**
6|********
7|********

00:02  INFO: Player chose move: 30
00:02  INFO: 
Black Score: 9
White Score: 9
Next player: black
Board:
 |01234567
----------
0|**0*****
1|1*0*****
2|*001*0**
3|000101**
4|***111**
5|***1*1**
6|********
7|********

00:02  INFO: Player chose move: 14
00:02  INFO: 
Black Score: 10
White Score: 10
Next player: black
Board:
 |01234567
----------
0|**0*****
1|110*0***
2|*010*0**
3|000101**
4|***111**
5|***1*1**
6|********
7|********

00:02  INFO: Player chose move: 01
00:02  INFO: 
Black Score: 11
White Score: 11
Next player: black
Board:
 |01234567
----------
0|*00*****
1|100*0***
2|*010*0**
3|001101**
4|**1111**
5|***1*1**
6|********
7|********

00:02  INFO: Player chose move: 13
00:02  INFO: 
Black Score: 12
White Score: 12
Next player: black
Board:
 |01234567
----------
0|*00*****
1|10000***
2|1000*0**
3|011101**
4|**1111**
5|***1*1**
6|********
7|********

00:02  INFO: Player chose move: 36
00:03  INFO: 
Black Score: 11
White Score: 15
Next player: black
Board:
 |01234567
----------
0|*00*****
1|10000***
2|1000*0**
3|01111111
4|**1111**
5|***1*1**
6|********
7|********

00:03  INFO: Player chose move: 40
00:03  INFO: 
Black Score: 10
White Score: 18
Next player: black
Board:
 |01234567
----------
0|*00*****
1|10000***
2|111110**
3|00111111
4|0*1111**
5|***1*1**
6|********
7|********

00:03  INFO: Player chose move: 00
00:03  INFO: 
Black Score: 12
White Score: 18
Next player: black
Board:
 |01234567
----------
0|000*****
1|00000***
2|0111111*
3|00111111
4|0*1111**
5|***1*1**
6|********
7|********

00:03  INFO: Player chose move: 41
00:03  INFO: 
Black Score: 13
White Score: 19
Next player: black
Board:
 |01234567
----------
0|000*****
1|00000***
2|0110111*
3|01011111
4|011111**
5|*1*1*1**
6|********
7|********

00:03  INFO: Player chose move: 27
00:03  INFO: 
Black Score: 15
White Score: 19
Next player: black
Board:
 |01234567
----------
0|000*****
1|00000*1*
2|01100110
3|01011111
4|011111**
5|*1*1*1**
6|********
7|********

00:03  INFO: Player chose move: 05
00:03  INFO: 
Black Score: 16
White Score: 20
Next player: black
Board:
 |01234567
----------
0|000**0**
1|0000010*
2|01101110
3|01011111
4|011111**
5|*1*1*1**
6|********
7|********

00:03  INFO: Player chose move: 50
00:04  INFO: 
Black Score: 17
White Score: 21
Next player: black
Board:
 |01234567
----------
0|000**01*
1|0000011*
2|01101110
3|01011111
4|001111**
5|01*1*1**
6|********
7|********

00:04  INFO: Player chose move: 07
00:04  INFO: 
Black Score: 17
White Score: 23
Next player: black
Board:
 |01234567
----------
0|000*1000
1|0001111*
2|01101110
3|01011111
4|001111**
5|01*1*1**
6|********
7|********

00:04  INFO: Player chose move: 03
00:04  INFO: 
Black Score: 19
White Score: 23
Next player: black
Board:
 |01234567
----------
0|00000000
1|00001111
2|01101111
3|01011111
4|001111**
5|01*1*1**
6|********
7|********

00:04  INFO: Player chose move: 47
00:04  INFO: 
Black Score: 25
White Score: 19
Next player: black
Board:
 |01234567
----------
0|00000000
1|00000110
2|01101010
3|01011110
4|00111110
5|01*1*1**
6|********
7|********

00:04  INFO: Player chose move: 52
00:04  INFO: 
Black Score: 28
White Score: 18
Next player: black
Board:
 |01234567
----------
0|00000000
1|00000110
2|01101010
3|01110110
4|00011110
5|000111**
6|********
7|********

00:04  INFO: Player chose move: 56
00:05  INFO: 
Black Score: 36
White Score: 12
Next player: black
Board:
 |01234567
----------
0|00000000
1|00000100
2|01101000
3|01110100
4|00011000
5|0001000*
6|***1****
7|********

00:05  INFO: Player chose move: 73
00:05  INFO: 
Black Score: 38
White Score: 12
Next player: black
Board:
 |01234567
----------
0|00000000
1|00000100
2|01101000
3|01110100
4|00101000
5|0100000*
6|1**0****
7|***0****

00:05  INFO: Player chose move: 61
00:05  INFO: 
Black Score: 39
White Score: 13
Next player: black
Board:
 |01234567
----------
0|00000000
1|00000100
2|01101000
3|01110100
4|00101000
5|0000010*
6|10*0**1*
7|***0****

00:05  INFO: Player chose move: 64
00:05  INFO: 
Black Score: 39
White Score: 15
Next player: black
Board:
 |01234567
----------
0|00000000
1|00000100
2|01101000
3|01110100
4|00101000
5|0000100*
6|10*01*1*
7|***01***

00:05  INFO: Player chose move: 70
00:05  INFO: 
Black Score: 39
White Score: 17
Next player: black
Board:
 |01234567
----------
0|00000000
1|00000100
2|01101000
3|01110100
4|00101100
5|0000110*
6|00*0111*
7|0**01***

00:05  INFO: Player chose move: 67
00:05  INFO: 
Black Score: 41
White Score: 17
Next player: black
Board:
 |01234567
----------
0|00000000
1|00000100
2|01101000
3|01110100
4|00101110
5|00001111
6|00*00000
7|0**01***

00:05  INFO: Player chose move: 75
00:06  INFO: 
Black Score: 42
White Score: 18
Next player: black
Board:
 |01234567
----------
0|00000000
1|00000100
2|01101000
3|01110100
4|00101110
5|00001111
6|00*10000
7|0*1000**

00:06  INFO: Player chose move: 62
00:06  INFO: 
Black Score: 39
White Score: 23
Next player: black
Board:
 |01234567
----------
0|00000000
1|00000100
2|01101000
3|01110100
4|00101110
5|00001111
6|00000110
7|0*11111*

00:06  INFO: Player chose move: 77
00:06  INFO: 
Black Score: 39
White Score: 25
Next player: black
Board:
 |01234567
----------
0|00000000
1|00000100
2|01001000
3|01100100
4|01101110
5|01011011
6|01100100
7|01111110

00:06  INFO: Player 0:  game terminated received
00:06  INFO: You (player 1) won!
