00:00  INFO: Client commandline script started
00:00  INFO: Connecting to localhost:61234
00:00  INFO: Registering: foo
00:00  INFO: Refresh requested
00:00  INFO: 
Black Score: 2
White Score: 2
Next player: black
Board:
 |01234567
----------
0|********
1|********
2|********
3|***10***
4|***01***
5|********
6|********
7|********

00:00  INFO: Player chose move: 23
00:01  INFO: 
Black Score: 3
White Score: 3
Next player: black
Board:
 |01234567
----------
0|********
1|********
2|***01***
3|***01***
4|***01***
5|********
6|********
7|********

00:01  INFO: Player chose move: 35
00:01  INFO: 
Black Score: 4
White Score: 4
Next player: black
Board:
 |01234567
----------
0|********
1|********
2|***01***
3|***001**
4|***01*1*
5|********
6|********
7|********

00:01  INFO: Player chose move: 14
00:01  INFO: 
Black Score: 3
White Score: 7
Next player: black
Board:
 |01234567
----------
0|****1***
1|****1***
2|***01***
3|***011**
4|***01*1*
5|********
6|********
7|********

00:01  INFO: Player chose move: 15
00:01  INFO: 
Black Score: 4
White Score: 8
Next player: black
Board:
 |01234567
----------
0|****1***
1|****10**
2|**100***
3|***111**
4|***01*1*
5|********
6|********
7|********

00:01  INFO: Player chose move: 21
00:02  INFO: 
Black Score: 5
White Score: 9
Next player: black
Board:
 |01234567
----------
0|****1***
1|****11**
2|*0000*1*
3|***111**
4|***01*1*
5|********
6|********
7|********

00:02  INFO: Player chose move: 06
00:02  INFO: 
Black Score: 6
White Score: 10
Next player: black
Board:
 |01234567
----------
0|****1*0*
1|****111*
2|*0000*1*
3|***111**
4|***01*1*
5|********
6|********
7|********

00:02  INFO: Player chose move: 36
00:02  INFO: 
Black Score: 8
White Score: 10
Next player: black
Board:
 |01234567
----------
0|****1*0*
1|*1**110*
2|*0100*0*
3|***1110*
4|***01*1*
5|********
6|********
7|********

00:02  INFO: Player chose move: 01
00:02  INFO: 
Black Score: 9
White Score: 11
Next player: black
Board:
 |01234567
----------
0|*0**1*0*
1|*0**110*
2|11100*0*
3|***1110*
4|***01*1*
5|********
6|********
7|********

00:02  INFO: Player chose move: 13
00:02  INFO: 
Black Score: 11
White Score: 11
Next player: black
Board:
 |01234567
----------
0|*0**1*0*
1|*010000*
2|11110*0*
3|***1110*
4|***01*1*
5|********
6|********
7|********

00:02  INFO: Player chose move: 25
00:02  INFO: 
Black Score: 12
White Score: 12
Next player: black
Board:
 |01234567
----------
0|*0**1*0*
1|1110000*
2|1111000*
3|***1010*
4|***01*1*
5|********
6|********
7|********

00:02  INFO: Player chose move: 56
00:03  INFO: 
Black Score: 9
White Score: 17
Next player: black
Board:
 |01234567
----------
0|*0**1*0*
1|11111111
2|1111001*
3|***1010*
4|***01*0*
5|******0*
6|********
7|********

00:03  INFO: Player chose move: 02
00:03  INFO: 
Black Score: 10
White Score: 18
Next player: black
Board:
 |01234567
----------
0|*0011*0*
1|11111111
2|1111001*
3|***1010*
4|***01*0*
5|******0*
6|********
7|********

00:03  INFO: Player chose move: 07
00:03  INFO: 
Black Score: 10
White Score: 20
Next player: black
Board:
 |01234567
----------
0|11111*00
1|11111101
2|1111001*
3|***1010*
4|***01*0*
5|******0*
6|********
7|********

00:03  INFO: Player chose move: 05
00:03  INFO: 
Black Score: 11
White Score: 21
Next player: black
Board:
 |01234567
----------
0|11111000
1|11111001
2|1111001*
3|***1010*
4|***11*0*
5|***1**0*
6|********
7|********

00:03  INFO: Player chose move: 27
00:03  INFO: 
Black Score: 11
White Score: 23
Next player: black
Board:
 |01234567
----------
0|11111000
1|11111100
2|11110010
3|***10111
4|***11*0*
5|***1**0*
6|********
7|********

00:03  INFO: Player chose move: 42
00:04  INFO: 
Black Score: 12
White Score: 24
Next player: black
Board:
 |01234567
----------
0|11111000
1|11111100
2|11110010
3|*1*00111
4|**111*0*
5|***1**0*
6|********
7|********

00:04  INFO: Player chose move: 45
00:04  INFO: 
Black Score: 11
White Score: 27
Next player: black
Board:
 |01234567
----------
0|11111000
1|11111100
2|11110010
3|*1111111
4|**11100*
5|***1**0*
6|********
7|********

00:04  INFO: Player chose move: 41
00:04  INFO: 
Black Score: 14
White Score: 26
Next player: black
Board:
 |01234567
----------
0|11111000
1|11110100
2|11100010
3|*1111111
4|*001110*
5|***11*0*
6|********
7|********

00:04  INFO: Player chose move: 47
00:04  INFO: 
Black Score: 15
White Score: 27
Next player: black
Board:
 |01234567
----------
0|11111000
1|11110100
2|11100010
3|*1111100
4|*1111100
5|*1*11*0*
6|********
7|********

00:04  INFO: Player chose move: 30
00:04  INFO: 
Black Score: 18
White Score: 26
Next player: black
Board:
 |01234567
----------
0|11111000
1|11110100
2|11100010
3|00000010
4|*1111110
5|*1*11*1*
6|******1*
7|********

00:04  INFO: Player chose move: 55
00:05  INFO: 
Black Score: 20
White Score: 26
Next player: black
Board:
 |01234567
----------
0|11111000
1|11110100
2|11100010
3|11000010
4|11110000
5|*1*1101*
6|******1*
7|********

00:05  INFO: Player chose move: 50
00:05  INFO: 
Black Score: 21
White Score: 27
Next player: black
Board:
 |01234567
----------
0|11111000
1|11110100
2|11100010
3|11000010
4|10110000
5|11*1101*
6|1*****1*
7|********

00:05  INFO: Player chose move: 57
00:05  INFO: 
Black Score: 19
White Score: 31
Next player: black
Board:
 |01234567
----------
0|11111000
1|11110100
2|11110010
3|11001010
4|10110100
5|11*11010
6|1*****11
7|********

00:05  INFO: Player chose move: 61
00:05  INFO: 
Black Score: 20
White Score: 32
Next player: black
Board:
 |01234567
----------
0|11111000
1|11110100
2|11110010
3|11001010
4|10110100
5|10*11010
6|11****11
7|**1*****

00:05  INFO: Player chose move: 62
00:05  INFO: 
Black Score: 21
White Score: 33
Next player: black
Board:
 |01234567
----------
0|11111000
1|11110100
2|11110010
3|11001010
4|10110100
5|10*11010
6|110*1*11
7|**1*****

00:05  INFO: Player chose move: 63
00:05  INFO: 
Black Score: 20
White Score: 36
Next player: black
Board:
 |01234567
----------
0|11111000
1|11110100
2|11110010
3|11001000
4|11110000
5|11111110
6|11101*11
7|**1*****

00:05  INFO: Player chose move: 70
00:06  INFO: 
Black Score: 23
White Score: 35
Next player: black
Board:
 |01234567
----------
0|11111000
1|11110100
2|11110010
3|11000000
4|11100000
5|11111110
6|10111*11
7|0*1*1***

00:06  INFO: Player chose move: 71
00:06  INFO: 
Black Score: 25
White Score: 35
Next player: black
Board:
 |01234567
----------
0|11111000
1|11110100
2|11110010
3|11000000
4|11100000
5|11101110
6|10111*11
7|00111***

00:06  INFO: Player chose move: 75
00:06  INFO: 
Black Score: 30
White Score: 32
Next player: black
Board:
 |01234567
----------
0|11111000
1|11110100
2|11110010
3|11000000
4|11100000
5|11101110
6|10110*11
7|000000*1

00:06  INFO: Player chose move: 76
00:06  INFO: 
Black Score: 31
White Score: 33
Next player: black
Board:
 |01234567
----------
0|11111000
1|11110100
2|11110010
3|11000000
4|11100000
5|11101100
6|10111111
7|00000001

00:06  INFO: Player 0:  game terminated received
00:06  INFO: You (player 1) lost!
