00:00  INFO: Client commandline script started
00:00  INFO: Connecting to localhost:61234
00:00  INFO: Registering: foo
00:00  INFO: Refresh requested
00:00  INFO: 
Black Score: 2
White Score: 2
Next player: black
Board:
 |01234567
----------
0|********
1|********
2|********
3|***10***
4|***01***
5|********
6|********
7|********

00:00  INFO: Player chose move: 23
00:01  INFO: 
Black Score: 3
White Score: 3
Next player: black
Board:
 |01234567
----------
0|********
1|********
2|***0****
3|***00***
4|**111***
5|********
6|********
7|********

00:01  INFO: Player chose move: 51
00:01  INFO: 
Black Score: 3
White Score: 5
Next player: black
Board:
 |01234567
----------
0|********
1|***1****
2|***1****
3|***10***
4|**011***
5|*0******
6|********
7|********

00:01  INFO: Player chose move: 54
00:01  INFO: 
Black Score: 4
White Score: 6
Next player: black
Board:
 |01234567
----------
0|********
1|***1****
2|***1****
3|***10***
4|**010***
5|*0**1***
6|*****1**
7|********

00:01  INFO: Player chose move: 64
00:01  INFO: 
Black Score: 5
White Score: 7
Next player: black
Board:
 |01234567
----------
0|********
1|***1****
2|***1****
3|***10***
4|**010***
5|*0**0***
6|***111**
7|********

00:01  INFO: Player chose move: 72
00:02  INFO: 
Black Score: 6
White Score: 8
Next player: black
Board:
 |01234567
----------
0|********
1|***1****
2|***1****
3|***10***
4|**011***
5|*0**01**
6|***011**
7|**0*****

00:02  INFO: Player chose move: 56
00:02  INFO: 
Black Score: 7
White Score: 9
Next player: black
Board:
 |01234567
----------
0|********
1|***1****
2|***1****
3|***10***
4|**011*1*
5|*0**010*
6|***011**
7|**0*****

00:02  INFO: Player chose move: 36
00:02  INFO: 
Black Score: 8
White Score: 10
Next player: black
Board:
 |01234567
----------
0|********
1|***1****
2|***11***
3|***11*0*
4|**011*0*
5|*0**010*
6|***011**
7|**0*****

00:02  INFO: Player chose move: 66
00:02  INFO: 
Black Score: 10
White Score: 10
Next player: black
Board:
 |01234567
----------
0|********
1|***1****
2|***11***
3|***11*0*
4|**011*0*
5|*0**010*
6|***0100*
7|**01****

00:02  INFO: Player chose move: 74
00:02  INFO: 
Black Score: 12
White Score: 10
Next player: black
Board:
 |01234567
----------
0|********
1|***1****
2|***11***
3|***11*0*
4|**011*0*
5|*0**010*
6|***0010*
7|**0001**

00:02  INFO: Player chose move: 76
00:03  INFO: 
Black Score: 14
White Score: 10
Next player: black
Board:
 |01234567
----------
0|********
1|***1****
2|***11***
3|***11*0*
4|*1111*0*
5|*0**010*
6|***0000*
7|**00000*

00:03  INFO: Player chose move: 31
00:03  INFO: 
Black Score: 15
White Score: 11
Next player: black
Board:
 |01234567
----------
0|********
1|***1****
2|***11***
3|*0*11*0*
4|*0111*0*
5|*1**010*
6|1**0000*
7|**00000*

00:03  INFO: Player chose move: 61
00:03  INFO: 
Black Score: 16
White Score: 12
Next player: black
Board:
 |01234567
----------
0|********
1|***1****
2|***11***
3|*0*11*0*
4|*0111*0*
5|*0**010*
6|1110000*
7|**00000*

00:03  INFO: Player chose move: 50
00:03  INFO: 
Black Score: 14
White Score: 16
Next player: black
Board:
 |01234567
----------
0|********
1|***1****
2|***11***
3|*0*11*0*
4|*0111*0*
5|00**010*
6|10111111
7|**00000*

00:03  INFO: Player chose move: 52
00:03  INFO: 
Black Score: 16
White Score: 16
Next player: black
Board:
 |01234567
----------
0|********
1|***1****
2|***11***
3|*0*11*01
4|*0111*1*
5|000*010*
6|10001111
7|**00000*

00:03  INFO: Player chose move: 57
00:03  INFO: 
Black Score: 17
White Score: 17
Next player: black
Board:
 |01234567
----------
0|********
1|***1****
2|***11***
3|*0*11111
4|*0111*1*
5|000*0100
6|10001101
7|**00000*

00:03  INFO: Player chose move: 14
00:04  INFO: 
Black Score: 20
White Score: 16
Next player: black
Board:
 |01234567
----------
0|********
1|***10***
2|***10***
3|*0*10111
4|*0110*1*
5|000*0100
6|10001111
7|**000001

00:04  INFO: Player chose move: 02
00:04  INFO: 
Black Score: 20
White Score: 18
Next player: black
Board:
 |01234567
----------
0|**0*****
1|***00***
2|***10***
3|*0*10111
4|*0111*1*
5|00011100
6|10001111
7|**000001

00:04  INFO: Player chose move: 12
00:04  INFO: 
Black Score: 20
White Score: 20
Next player: black
Board:
 |01234567
----------
0|**0*****
1|**000***
2|***00***
3|*0*10111
4|11111*1*
5|10011100
6|10001111
7|**000001

00:04  INFO: Player chose move: 30
00:04  INFO: 
Black Score: 20
White Score: 22
Next player: black
Board:
 |01234567
----------
0|**01****
1|**010***
2|***10***
3|00*10111
4|10111*1*
5|10011100
6|10001111
7|**000001

00:04  INFO: Player chose move: 04
00:04  INFO: 
Black Score: 20
White Score: 24
Next player: black
Board:
 |01234567
----------
0|**000***
1|**010***
2|***10***
3|00*10111
4|10111*11
5|10011111
6|10001111
7|**000001

00:04  INFO: Player chose move: 22
00:05  INFO: 
Black Score: 21
White Score: 25
Next player: black
Board:
 |01234567
----------
0|**000***
1|**000***
2|**000***
3|00*10111
4|10111*11
5|10111111
6|11001111
7|1*000001

00:05  INFO: Player chose move: 32
00:05  INFO: 
Black Score: 24
White Score: 24
Next player: black
Board:
 |01234567
----------
0|**0001**
1|**001***
2|**010***
3|00100111
4|11001*11
5|10010111
6|11001011
7|1*000001

00:05  INFO: Player chose move: 06
00:05  INFO: 
Black Score: 20
White Score: 30
Next player: black
Board:
 |01234567
----------
0|**00000*
1|**001***
2|**010***
3|00100111
4|11001*11
5|10010111
6|11101011
7|11111111

00:05  INFO: Player chose move: 15
00:05  INFO: 
Black Score: 19
White Score: 33
Next player: black
Board:
 |01234567
----------
0|**00000*
1|**0000**
2|**010***
3|00101111
4|11001111
5|10011111
6|11111011
7|11111111

00:05  INFO: Player chose move: 21
00:05  INFO: 
Black Score: 20
White Score: 34
Next player: black
Board:
 |01234567
----------
0|**00000*
1|**0000**
2|*00111**
3|00001111
4|11001111
5|10011111
6|11111011
7|11111111

00:05  INFO: Player chose move: 26
00:05  INFO: 
Black Score: 21
White Score: 35
Next player: black
Board:
 |01234567
----------
0|**00000*
1|**0000**
2|1000000*
3|11001111
4|11101111
5|10011111
6|11111011
7|11111111

00:06  INFO: 
Black Score: 19
White Score: 38
Next player: black
Board:
 |01234567
----------
0|*100000*
1|**1000**
2|1001000*
3|11001111
4|11101111
5|10011111
6|11111011
7|11111111

00:06  INFO: Player chose move: 00
00:06  INFO: 
Black Score: 18
White Score: 41
Next player: black
Board:
 |01234567
----------
0|0000000*
1|1*1000**
2|1101000*
3|11101111
4|11111111
5|10011111
6|11111011
7|11111111

00:06  INFO: Player chose move: 11
00:06  INFO: 
Black Score: 16
White Score: 45
Next player: black
Board:
 |01234567
----------
0|0000000*
1|1111111*
2|1001011*
3|10101111
4|10111111
5|10011111
6|11111011
7|11111111

00:06  INFO: Player chose move: 07
00:06  INFO: 
Black Score: 20
White Score: 43
Next player: black
Board:
 |01234567
----------
0|00000000
1|11111111
2|1001001*
3|10100111
4|10101111
5|10011111
6|11111011
7|11111111

00:06  INFO: Player chose move: 27
00:06  INFO: 
Black Score: 24
White Score: 40
Next player: white
Board:
 |01234567
----------
0|00000000
1|11111100
2|10010000
3|10100111
4|10101111
5|10011111
6|11111011
7|11111111

00:06  INFO: Player 0:  game terminated received
00:06  INFO: You (player 1) lost!
