00:00  INFO: Client commandline script started
00:00  INFO: Connecting to localhost:61234
00:00  INFO: Registering: bar
00:00  INFO: Refresh requested
00:00  INFO: 
Black Score: 4
White Score: 1
Next player: white
Board:
 |01234567
----------
0|********
1|********
2|***0****
3|***00***
4|***01***
5|********
6|********
7|********

00:01  INFO: Player chose move: 22
00:01  INFO: 
Black Score: 5
White Score: 2
Next player: white
Board:
 |01234567
----------
0|********
1|********
2|*000****
3|***10***
4|***01***
5|********
6|********
7|********

00:01  INFO: Player chose move: 35
00:01  INFO: 
Black Score: 7
White Score: 2
Next player: white
Board:
 |01234567
----------
0|********
1|********
2|*000****
3|***101**
4|***000**
5|********
6|********
7|********

00:01  INFO: Player chose move: 55
00:01  INFO: 
Black Score: 7
White Score: 4
Next player: white
Board:
 |01234567
----------
0|********
1|********
2|*000****
3|**0001**
4|***011**
5|*****1**
6|********
7|********

00:01  INFO: Player chose move: 12
00:01  INFO: 
Black Score: 7
White Score: 6
Next player: white
Board:
 |01234567
----------
0|**0*****
1|**0*****
2|*001****
3|**0011**
4|***011**
5|*****1**
6|********
7|********

00:01  INFO: Player chose move: 31
00:01  INFO: 
Black Score: 7
White Score: 8
Next player: white
Board:
 |01234567
----------
0|**0*****
1|**0*****
2|*001*0**
3|*11101**
4|***011**
5|*****1**
6|********
7|********

00:01  INFO: Player chose move: 10
00:02  INFO: 
Black Score: 11
White Score: 6
Next player: white
Board:
 |01234567
----------
0|**0*****
1|1*0*****
2|*001*0**
3|000001**
4|***011**
5|*****1**
6|********
7|********

00:02  INFO: Player chose move: 53
00:02  INFO: 
Black Score: 11
White Score: 8
Next player: white
Board:
 |01234567
----------
0|**0*****
1|1*0*0***
2|*000*0**
3|000101**
4|***111**
5|***1*1**
6|********
7|********

00:02  INFO: Player chose move: 11
00:02  INFO: 
Black Score: 12
White Score: 9
Next player: white
Board:
 |01234567
----------
0|*00*****
1|100*0***
2|*010*0**
3|000101**
4|***111**
5|***1*1**
6|********
7|********

00:02  INFO: Player chose move: 42
00:02  INFO: 
Black Score: 13
White Score: 10
Next player: white
Board:
 |01234567
----------
0|*00*****
1|10000***
2|*000*0**
3|001101**
4|**1111**
5|***1*1**
6|********
7|********

00:02  INFO: Player chose move: 20
00:02  INFO: 
Black Score: 14
White Score: 11
Next player: white
Board:
 |01234567
----------
0|*00*****
1|10000***
2|1000*0**
3|0111000*
4|**1111**
5|***1*1**
6|********
7|********

00:02  INFO: Player chose move: 37
00:02  INFO: 
Black Score: 13
White Score: 14
Next player: white
Board:
 |01234567
----------
0|*00*****
1|10000***
2|1000*0**
3|00111111
4|0*1111**
5|***1*1**
6|********
7|********

00:02  INFO: Player chose move: 24
00:03  INFO: 
Black Score: 13
White Score: 16
Next player: white
Board:
 |01234567
----------
0|000*****
1|00000***
2|011110**
3|00111111
4|0*1111**
5|***1*1**
6|********
7|********

00:03  INFO: Player chose move: 26
00:03  INFO: 
Black Score: 15
White Score: 16
Next player: white
Board:
 |01234567
----------
0|000*****
1|00000***
2|0110111*
3|00011111
4|001111**
5|***1*1**
6|********
7|********

00:03  INFO: Player chose move: 51
00:03  INFO: 
Black Score: 17
White Score: 16
Next player: white
Board:
 |01234567
----------
0|000*****
1|00000***
2|01100000
3|01011111
4|011111**
5|*1*1*1**
6|********
7|********

00:03  INFO: Player chose move: 16
00:03  INFO: 
Black Score: 17
White Score: 18
Next player: white
Board:
 |01234567
----------
0|000**0**
1|00000*0*
2|01100110
3|01011111
4|011111**
5|*1*1*1**
6|********
7|********

00:03  INFO: Player chose move: 15
00:03  INFO: 
Black Score: 18
White Score: 19
Next player: white
Board:
 |01234567
----------
0|000**0**
1|0000010*
2|01101110
3|01011111
4|001111**
5|01*1*1**
6|********
7|********

00:03  INFO: Player chose move: 06
00:04  INFO: 
Black Score: 19
White Score: 20
Next player: white
Board:
 |01234567
----------
0|000**000
1|0000011*
2|01101110
3|01011111
4|001111**
5|01*1*1**
6|********
7|********

00:04  INFO: Player chose move: 04
00:04  INFO: 
Black Score: 20
White Score: 21
Next player: white
Board:
 |01234567
----------
0|00000000
1|0000111*
2|01101110
3|01011111
4|001111**
5|01*1*1**
6|********
7|********

00:04  INFO: Player chose move: 17
00:04  INFO: 
Black Score: 26
White Score: 17
Next player: white
Board:
 |01234567
----------
0|00000000
1|00000110
2|01101010
3|01011100
4|001111*0
5|01*1*1**
6|********
7|********

00:04  INFO: Player chose move: 46
00:04  INFO: 
Black Score: 30
White Score: 15
Next player: white
Board:
 |01234567
----------
0|00000000
1|00000110
2|01101010
3|01010110
4|00001110
5|0001*1**
6|********
7|********

00:04  INFO: Player chose move: 54
00:04  INFO: 
Black Score: 37
White Score: 10
Next player: white
Board:
 |01234567
----------
0|00000000
1|00000100
2|01101000
3|01110100
4|00011000
5|0000000*
6|********
7|********

00:04  INFO: Player chose move: 63
00:04  INFO: 
Black Score: 41
White Score: 8
Next player: white
Board:
 |01234567
----------
0|00000000
1|00000100
2|01101000
3|01100100
4|00001000
5|0000000*
6|***0****
7|***0****

00:04  INFO: Player chose move: 60
00:05  INFO: 
Black Score: 40
White Score: 11
Next player: white
Board:
 |01234567
----------
0|00000000
1|00000100
2|01101000
3|01110100
4|00101000
5|0000000*
6|10*0****
7|***0****

00:05  INFO: Player chose move: 66
00:05  INFO: 
Black Score: 41
White Score: 12
Next player: white
Board:
 |01234567
----------
0|00000000
1|00000100
2|01101000
3|01110100
4|00101000
5|0000000*
6|10*00*1*
7|***0****

00:05  INFO: Player chose move: 74
00:05  INFO: 
Black Score: 41
White Score: 14
Next player: white
Board:
 |01234567
----------
0|00000000
1|00000100
2|01101000
3|01110100
4|00101000
5|0000100*
6|00*01*1*
7|0**01***

00:05  INFO: Player chose move: 65
00:05  INFO: 
Black Score: 43
White Score: 14
Next player: white
Board:
 |01234567
----------
0|00000000
1|00000100
2|01101000
3|01110100
4|00101100
5|0000110*
6|00*00000
7|0**01***

00:05  INFO: Player chose move: 57
00:05  INFO: 
Black Score: 43
White Score: 16
Next player: white
Board:
 |01234567
----------
0|00000000
1|00000100
2|01101000
3|01110100
4|00101110
5|00001111
6|00*00000
7|0**000**

00:05  INFO: Player chose move: 72
00:06  INFO: 
Black Score: 44
White Score: 17
Next player: white
Board:
 |01234567
----------
0|00000000
1|00000100
2|01101000
3|01110100
4|00101110
5|00001111
6|00000000
7|0*1000**

00:06  INFO: Player chose move: 76
00:06  INFO: 
Black Score: 45
White Score: 18
Next player: white
Board:
 |01234567
----------
0|00000000
1|00000100
2|01001000
3|01100100
4|00100110
5|00001011
6|00000100
7|0*111110

00:06  INFO: Player chose move: 71
00:06  INFO: 
Black Score: 39
White Score: 25
Next player: black
Board:
 |01234567
----------
0|00000000
1|00000100
2|01001000
3|01100100
4|01101110
5|01011011
6|01100100
7|01111110

00:06  INFO: Player 1:  game terminated received
00:06  INFO: You (player 2) lost!
