00:00  INFO: GameServer commandline script started
00:00  INFO: GameServer launched on port 61234
00:00  INFO: Accepted new connection from /127.0.0.1
00:00  INFO: Waiting for player name...
00:00  INFO: Received player name: LobbyHoster_67.8985024831471_1591188779171
00:00  INFO: Connection to client /127.0.0.1 with name LobbyHoster_67.8985024831471_1591188779171 established
00:00  INFO: Match received, created lobby mylobby
00:00  INFO: Now closing connection to /127.0.0.1
00:00  INFO: Removed player name LobbyHoster_67.8985024831471_1591188779171
00:01  INFO: Accepted new connection from /127.0.0.1
00:01  INFO: Waiting for player name...
00:01  INFO: Received player name: foo
00:01  INFO: Connection to client /127.0.0.1 with name foo established
00:01  INFO: Accepted new connection from /127.0.0.1
00:01  INFO: Waiting for player name...
00:01  INFO: Received player name: bar
00:01  INFO: Connection to client /127.0.0.1 with name bar established
00:01  INFO: Player 0 joined lobby, initiating handshake
00:01  INFO: Player name for id 0: foo
00:01  INFO: The number of engines has just been increased to : 1
00:01  INFO: Removed player name foo
00:01  INFO: Player 1 joined lobby, initiating handshake
00:01  INFO: Player name for id 1: bar
00:01  INFO: The number of engines has just been increased to : 2
00:01  INFO: Starting game
00:01  INFO: Removed lobby with name mylobby
00:01  INFO: Removed player name foo
00:01  INFO: Removed player name bar
00:01  INFO: Registering referee "za.ac.sun.cs.ingenious.games.loa.LOAController" as "LOAController"
00:01  INFO: Registering referee "za.ac.sun.cs.ingenious.games.othello.OthelloReferee" as "OthelloReferee"
00:01  INFO: Registering referee "za.ac.sun.cs.ingenious.games.mnk.MNKReferee" as "MNKReferee"
00:01  INFO: Registering referee "za.ac.sun.cs.ingenious.games.bomberman.BMReferee" as "BMReferee"
00:01  INFO: Registering referee "za.ac.sun.cs.ingenious.games.cardGames.hearts.game.HeartsReferee" as "HeartsReferee"
00:01  INFO: Registering referee "za.ac.sun.cs.ingenious.games.cardGames.uno.game.UnoReferee" as "UnoReferee"
00:01  INFO: Registering referee "za.ac.sun.cs.ingenious.games.domineering.DomineeringReferee" as "DomineeringReferee"
00:01  INFO: Registering referee "za.ac.sun.cs.ingenious.games.tictactoe.TTTReferee" as "TTTReferee"
00:01  INFO: Removed player name bar
00:01  INFO: ===================
00:01  INFO: Starting OthelloReferee
00:01  INFO: ===================
00:03  INFO: Game state is now:
00:03  INFO: 
Black Score: 4
White Score: 1
Next player: white
Board:
 |01234567
----------
0|********
1|********
2|***0****
3|***00***
4|***01***
5|********
6|********
7|********

00:03  INFO: Game state is now:
00:03  INFO: 
Black Score: 4
White Score: 0
Next player: white
Board:
 |01234567
----------
0|********
1|********
2|***0****
3|***00***
4|***01***
5|********
6|********
7|********

00:03  INFO: Game ended before the board was full
00:03  INFO: White null
00:03  INFO: Game has terminated!
00:03  INFO: Final scores:
00:03  INFO: Player 0 (foo): 4.0
00:03  INFO: Player 1 (bar): 0.0
00:03  INFO: ========================
00:03  INFO: Shutting down OthelloReferee
00:03  INFO: ========================
