00:00  INFO: GameServer commandline script started
00:00  INFO: GameServer launched on port 61234
00:02  INFO: Accepted new connection from /127.0.0.1
00:02  INFO: Waiting for player name...
00:02  INFO: Received player name: LobbyHoster_281.548024806632_1591188869315
00:02  INFO: Connection to client /127.0.0.1 with name LobbyHoster_281.548024806632_1591188869315 established
00:02  INFO: Match received, created lobby mylobby
00:02  INFO: Now closing connection to /127.0.0.1
00:02  INFO: Removed player name LobbyHoster_281.548024806632_1591188869315
00:02  INFO: Accepted new connection from /127.0.0.1
00:02  INFO: Waiting for player name...
00:02  INFO: Received player name: foo
00:02  INFO: Connection to client /127.0.0.1 with name foo established
00:02  INFO: Accepted new connection from /127.0.0.1
00:02  INFO: Waiting for player name...
00:02  INFO: Received player name: bar
00:02  INFO: Connection to client /127.0.0.1 with name bar established
00:02  INFO: Player 0 joined lobby, initiating handshake
00:02  INFO: Player name for id 0: foo
00:02  INFO: The number of engines has just been increased to : 1
00:02  INFO: Removed player name foo
00:02  INFO: Player 1 joined lobby, initiating handshake
00:02  INFO: Player name for id 1: bar
00:02  INFO: The number of engines has just been increased to : 2
00:02  INFO: Starting game
00:02  INFO: Removed lobby with name mylobby
00:02  INFO: Removed player name foo
00:02  INFO: Removed player name bar
00:03  INFO: Registering referee "za.ac.sun.cs.ingenious.games.othello.OthelloReferee" as "OthelloReferee"
00:03  INFO: Registering referee "za.ac.sun.cs.ingenious.games.bomberman.BMReferee" as "BMReferee"
00:03  INFO: Registering referee "za.ac.sun.cs.ingenious.games.loa.LOAController" as "LOAController"
00:03  INFO: Registering referee "za.ac.sun.cs.ingenious.games.mnk.MNKReferee" as "MNKReferee"
00:03  INFO: Registering referee "za.ac.sun.cs.ingenious.games.tictactoe.TTTReferee" as "TTTReferee"
00:03  INFO: Registering referee "za.ac.sun.cs.ingenious.games.cardGames.uno.game.UnoReferee" as "UnoReferee"
00:03  INFO: Registering referee "za.ac.sun.cs.ingenious.games.domineering.DomineeringReferee" as "DomineeringReferee"
00:03  INFO: Registering referee "za.ac.sun.cs.ingenious.games.cardGames.hearts.game.HeartsReferee" as "HeartsReferee"
00:03  INFO: Removed player name bar
00:03  INFO: ===================
00:03  INFO: Starting OthelloReferee
00:03  INFO: ===================
00:03  INFO: Game state is now:
00:03  INFO: 
Black Score: 4
White Score: 1
Next player: white
Board:
 |01234567
----------
0|********
1|********
2|***0****
3|***00***
4|***01***
5|********
6|********
7|********

00:03  INFO: Game state is now:
00:03  INFO: 
Black Score: 3
White Score: 3
Next player: black
Board:
 |01234567
----------
0|********
1|********
2|***01***
3|***01***
4|***01***
5|********
6|********
7|********

00:03  INFO: Game state is now:
00:03  INFO: 
Black Score: 5
White Score: 2
Next player: white
Board:
 |01234567
----------
0|********
1|********
2|***01***
3|***000**
4|***01***
5|********
6|********
7|********

00:03  INFO: Game state is now:
00:03  INFO: 
Black Score: 4
White Score: 4
Next player: black
Board:
 |01234567
----------
0|********
1|********
2|***01***
3|***001**
4|***01*1*
5|********
6|********
7|********

00:04  INFO: Game state is now:
00:04  INFO: 
Black Score: 6
White Score: 3
Next player: white
Board:
 |01234567
----------
0|********
1|****0***
2|***00***
3|***001**
4|***01*1*
5|********
6|********
7|********

00:04  INFO: Game state is now:
00:04  INFO: 
Black Score: 3
White Score: 7
Next player: black
Board:
 |01234567
----------
0|****1***
1|****1***
2|***01***
3|***011**
4|***01*1*
5|********
6|********
7|********

00:04  INFO: Game state is now:
00:04  INFO: 
Black Score: 5
White Score: 6
Next player: white
Board:
 |01234567
----------
0|****1***
1|****10**
2|***00***
3|***011**
4|***01*1*
5|********
6|********
7|********

00:04  INFO: Game state is now:
00:04  INFO: 
Black Score: 4
White Score: 8
Next player: black
Board:
 |01234567
----------
0|****1***
1|****10**
2|**100***
3|***111**
4|***01*1*
5|********
6|********
7|********

00:04  INFO: Game state is now:
00:04  INFO: 
Black Score: 6
White Score: 7
Next player: white
Board:
 |01234567
----------
0|****1***
1|****10**
2|*0000***
3|***111**
4|***01*1*
5|********
6|********
7|********

00:04  INFO: Game state is now:
00:04  INFO: 
Black Score: 5
White Score: 9
Next player: black
Board:
 |01234567
----------
0|****1***
1|****11**
2|*0000*1*
3|***111**
4|***01*1*
5|********
6|********
7|********

00:04  INFO: Game state is now:
00:04  INFO: 
Black Score: 7
White Score: 8
Next player: white
Board:
 |01234567
----------
0|****1*0*
1|****10**
2|*0000*1*
3|***111**
4|***01*1*
5|********
6|********
7|********

00:04  INFO: Game state is now:
00:04  INFO: 
Black Score: 6
White Score: 10
Next player: black
Board:
 |01234567
----------
0|****1*0*
1|****111*
2|*0000*1*
3|***111**
4|***01*1*
5|********
6|********
7|********

00:04  INFO: Game state is now:
00:04  INFO: 
Black Score: 9
White Score: 8
Next player: white
Board:
 |01234567
----------
0|****1*0*
1|****110*
2|*0000*0*
3|***1110*
4|***01*1*
5|********
6|********
7|********

00:04  INFO: Game state is now:
00:04  INFO: 
Black Score: 8
White Score: 10
Next player: black
Board:
 |01234567
----------
0|****1*0*
1|*1**110*
2|*0100*0*
3|***1110*
4|***01*1*
5|********
6|********
7|********

00:04  INFO: Game state is now:
00:04  INFO: 
Black Score: 10
White Score: 9
Next player: white
Board:
 |01234567
----------
0|*0**1*0*
1|*0**110*
2|*0100*0*
3|***1110*
4|***01*1*
5|********
6|********
7|********

00:05  INFO: Game state is now:
00:05  INFO: 
Black Score: 9
White Score: 11
Next player: black
Board:
 |01234567
----------
0|*0**1*0*
1|*0**110*
2|11100*0*
3|***1110*
4|***01*1*
5|********
6|********
7|********

00:05  INFO: Game state is now:
00:05  INFO: 
Black Score: 12
White Score: 9
Next player: white
Board:
 |01234567
----------
0|*0**1*0*
1|*0*0000*
2|11100*0*
3|***1110*
4|***01*1*
5|********
6|********
7|********

00:05  INFO: Game state is now:
00:05  INFO: 
Black Score: 11
White Score: 11
Next player: black
Board:
 |01234567
----------
0|*0**1*0*
1|*010000*
2|11110*0*
3|***1110*
4|***01*1*
5|********
6|********
7|********

00:05  INFO: Game state is now:
00:05  INFO: 
Black Score: 13
White Score: 10
Next player: white
Board:
 |01234567
----------
0|*0**1*0*
1|*010000*
2|1111000*
3|***1010*
4|***01*1*
5|********
6|********
7|********

00:05  INFO: Game state is now:
00:05  INFO: 
Black Score: 12
White Score: 12
Next player: black
Board:
 |01234567
----------
0|*0**1*0*
1|1110000*
2|1111000*
3|***1010*
4|***01*1*
5|********
6|********
7|********

00:05  INFO: Game state is now:
00:05  INFO: 
Black Score: 14
White Score: 11
Next player: white
Board:
 |01234567
----------
0|*0**1*0*
1|1110000*
2|1111000*
3|***1010*
4|***01*0*
5|******0*
6|********
7|********

00:05  INFO: Game state is now:
00:05  INFO: 
Black Score: 9
White Score: 17
Next player: black
Board:
 |01234567
----------
0|*0**1*0*
1|11111111
2|1111001*
3|***1010*
4|***01*0*
5|******0*
6|********
7|********

00:05  INFO: Game state is now:
00:05  INFO: 
Black Score: 11
White Score: 16
Next player: white
Board:
 |01234567
----------
0|*00*1*0*
1|11101111
2|1111001*
3|***1010*
4|***01*0*
5|******0*
6|********
7|********

00:05  INFO: Game state is now:
00:05  INFO: 
Black Score: 10
White Score: 18
Next player: black
Board:
 |01234567
----------
0|*0011*0*
1|11111111
2|1111001*
3|***1010*
4|***01*0*
5|******0*
6|********
7|********

00:05  INFO: Game state is now:
00:05  INFO: 
Black Score: 12
White Score: 17
Next player: white
Board:
 |01234567
----------
0|*0011*00
1|11111101
2|1111001*
3|***1010*
4|***01*0*
5|******0*
6|********
7|********

00:06  INFO: Game state is now:
00:06  INFO: 
Black Score: 10
White Score: 20
Next player: black
Board:
 |01234567
----------
0|11111*00
1|11111101
2|1111001*
3|***1010*
4|***01*0*
5|******0*
6|********
7|********

00:06  INFO: Game state is now:
00:06  INFO: 
Black Score: 12
White Score: 19
Next player: white
Board:
 |01234567
----------
0|11111000
1|11111001
2|1111001*
3|***1010*
4|***01*0*
5|******0*
6|********
7|********

00:06  INFO: Game state is now:
00:06  INFO: 
Black Score: 11
White Score: 21
Next player: black
Board:
 |01234567
----------
0|11111000
1|11111001
2|1111001*
3|***1010*
4|***11*0*
5|***1**0*
6|********
7|********

00:06  INFO: Game state is now:
00:06  INFO: 
Black Score: 14
White Score: 19
Next player: white
Board:
 |01234567
----------
0|11111000
1|11111000
2|11110000
3|***1010*
4|***11*0*
5|***1**0*
6|********
7|********

00:06  INFO: Game state is now:
00:06  INFO: 
Black Score: 11
White Score: 23
Next player: black
Board:
 |01234567
----------
0|11111000
1|11111100
2|11110010
3|***10111
4|***11*0*
5|***1**0*
6|********
7|********

00:06  INFO: Game state is now:
00:06  INFO: 
Black Score: 13
White Score: 22
Next player: white
Board:
 |01234567
----------
0|11111000
1|11111100
2|11110010
3|***00111
4|**011*0*
5|***1**0*
6|********
7|********

00:06  INFO: Game state is now:
00:06  INFO: 
Black Score: 12
White Score: 24
Next player: black
Board:
 |01234567
----------
0|11111000
1|11111100
2|11110010
3|*1*00111
4|**111*0*
5|***1**0*
6|********
7|********

00:06  INFO: Game state is now:
00:06  INFO: 
Black Score: 15
White Score: 22
Next player: white
Board:
 |01234567
----------
0|11111000
1|11111100
2|11110010
3|*1*00001
4|**11100*
5|***1**0*
6|********
7|********

00:06  INFO: Game state is now:
00:06  INFO: 
Black Score: 11
White Score: 27
Next player: black
Board:
 |01234567
----------
0|11111000
1|11111100
2|11110010
3|*1111111
4|**11100*
5|***1**0*
6|********
7|********

00:06  INFO: Game state is now:
00:06  INFO: 
Black Score: 18
White Score: 21
Next player: white
Board:
 |01234567
----------
0|11111000
1|11110100
2|11100010
3|*1011111
4|*000000*
5|***1**0*
6|********
7|********

00:06  INFO: Game state is now:
00:06  INFO: 
Black Score: 14
White Score: 26
Next player: black
Board:
 |01234567
----------
0|11111000
1|11110100
2|11100010
3|*1111111
4|*001110*
5|***11*0*
6|********
7|********

00:07  INFO: Game state is now:
00:07  INFO: 
Black Score: 17
White Score: 24
Next player: white
Board:
 |01234567
----------
0|11111000
1|11110100
2|11100010
3|*1111100
4|*0011100
5|***11*0*
6|********
7|********

00:07  INFO: Game state is now:
00:07  INFO: 
Black Score: 15
White Score: 27
Next player: black
Board:
 |01234567
----------
0|11111000
1|11110100
2|11100010
3|*1111100
4|*1111100
5|*1*11*0*
6|********
7|********

00:07  INFO: Game state is now:
00:07  INFO: 
Black Score: 21
White Score: 22
Next player: white
Board:
 |01234567
----------
0|11111000
1|11110100
2|11100010
3|00000000
4|*1111100
5|*1*11*0*
6|********
7|********

00:07  INFO: Game state is now:
00:07  INFO: 
Black Score: 18
White Score: 26
Next player: black
Board:
 |01234567
----------
0|11111000
1|11110100
2|11100010
3|00000010
4|*1111110
5|*1*11*1*
6|******1*
7|********

00:07  INFO: Game state is now:
00:07  INFO: 
Black Score: 22
White Score: 23
Next player: white
Board:
 |01234567
----------
0|11111000
1|11110100
2|11100010
3|00000010
4|*1110000
5|*1*1101*
6|******1*
7|********

00:07  INFO: Game state is now:
00:07  INFO: 
Black Score: 20
White Score: 26
Next player: black
Board:
 |01234567
----------
0|11111000
1|11110100
2|11100010
3|11000010
4|11110000
5|*1*1101*
6|******1*
7|********

00:07  INFO: Game state is now:
00:07  INFO: 
Black Score: 22
White Score: 25
Next player: white
Board:
 |01234567
----------
0|11111000
1|11110100
2|11100010
3|11000010
4|10110000
5|01*1101*
6|******1*
7|********

00:07  INFO: Game state is now:
00:07  INFO: 
Black Score: 21
White Score: 27
Next player: black
Board:
 |01234567
----------
0|11111000
1|11110100
2|11100010
3|11000010
4|10110000
5|11*1101*
6|1*****1*
7|********

00:07  INFO: Game state is now:
00:07  INFO: 
Black Score: 23
White Score: 26
Next player: white
Board:
 |01234567
----------
0|11111000
1|11110100
2|11100010
3|11000010
4|10110000
5|11*11000
6|1*****1*
7|********

00:07  INFO: Game state is now:
00:07  INFO: 
Black Score: 19
White Score: 31
Next player: black
Board:
 |01234567
----------
0|11111000
1|11110100
2|11110010
3|11001010
4|10110100
5|11*11010
6|1*****11
7|********

00:07  INFO: Game state is now:
00:07  INFO: 
Black Score: 21
White Score: 30
Next player: white
Board:
 |01234567
----------
0|11111000
1|11110100
2|11110010
3|11001010
4|10110100
5|10*11010
6|10****11
7|********

00:08  INFO: Game state is now:
00:08  INFO: 
Black Score: 20
White Score: 32
Next player: black
Board:
 |01234567
----------
0|11111000
1|11110100
2|11110010
3|11001010
4|10110100
5|10*11010
6|11****11
7|**1*****

00:08  INFO: Game state is now:
00:08  INFO: 
Black Score: 22
White Score: 31
Next player: white
Board:
 |01234567
----------
0|11111000
1|11110100
2|11110010
3|11001010
4|10110100
5|10*01010
6|110***11
7|**1*****

00:08  INFO: Game state is now:
00:08  INFO: 
Black Score: 21
White Score: 33
Next player: black
Board:
 |01234567
----------
0|11111000
1|11110100
2|11110010
3|11001010
4|10110100
5|10*11010
6|110*1*11
7|**1*****

00:08  INFO: Game state is now:
00:08  INFO: 
Black Score: 27
White Score: 28
Next player: white
Board:
 |01234567
----------
0|11111000
1|11110100
2|11110010
3|11001000
4|10100000
5|10*00010
6|11001*11
7|**1*****

00:08  INFO: Game state is now:
00:08  INFO: 
Black Score: 20
White Score: 36
Next player: black
Board:
 |01234567
----------
0|11111000
1|11110100
2|11110010
3|11001000
4|11110000
5|11111110
6|11101*11
7|**1*****

00:08  INFO: Game state is now:
00:08  INFO: 
Black Score: 25
White Score: 32
Next player: white
Board:
 |01234567
----------
0|11111000
1|11110100
2|11110010
3|11000000
4|11100000
5|11011110
6|10101*11
7|0*1*****

00:08  INFO: Game state is now:
00:08  INFO: 
Black Score: 23
White Score: 35
Next player: black
Board:
 |01234567
----------
0|11111000
1|11110100
2|11110010
3|11000000
4|11100000
5|11111110
6|10111*11
7|0*1*1***

00:08  INFO: Game state is now:
00:08  INFO: 
Black Score: 26
White Score: 33
Next player: white
Board:
 |01234567
----------
0|11111000
1|11110100
2|11110010
3|11000000
4|11100000
5|11101110
6|10011*11
7|001*1***

00:08  INFO: Game state is now:
00:08  INFO: 
Black Score: 25
White Score: 35
Next player: black
Board:
 |01234567
----------
0|11111000
1|11110100
2|11110010
3|11000000
4|11100000
5|11101110
6|10111*11
7|00111***

00:08  INFO: Game state is now:
00:08  INFO: 
Black Score: 31
White Score: 30
Next player: white
Board:
 |01234567
----------
0|11111000
1|11110100
2|11110010
3|11000000
4|11100000
5|11101110
6|10110*01
7|000000**

00:08  INFO: Game state is now:
00:08  INFO: 
Black Score: 30
White Score: 32
Next player: black
Board:
 |01234567
----------
0|11111000
1|11110100
2|11110010
3|11000000
4|11100000
5|11101110
6|10110*11
7|000000*1

00:09  INFO: Game state is now:
00:09  INFO: 
Black Score: 33
White Score: 30
Next player: white
Board:
 |01234567
----------
0|11111000
1|11110100
2|11110010
3|11000000
4|11100000
5|11101100
6|10110*01
7|00000001

00:09  INFO: Game state is now:
00:09  INFO: 
Black Score: 31
White Score: 33
Next player: black
Board:
 |01234567
----------
0|11111000
1|11110100
2|11110010
3|11000000
4|11100000
5|11101100
6|10111111
7|00000001

00:09  INFO: Game has terminated!
00:09  INFO: Final scores:
00:09  INFO: Player 0 (foo): 31.0
00:09  INFO: Player 1 (bar): 33.0
00:09  INFO: ========================
00:09  INFO: Shutting down OthelloReferee
00:09  INFO: ========================
