00:00  INFO: Client commandline script started
00:00  INFO: Connecting to localhost:61234
00:00  INFO: Registering: foo
00:00  INFO: Refresh requested
00:00  INFO: 
Black Score: 2
White Score: 2
Next player: black
Board:
 |01234567
----------
0|********
1|********
2|********
3|***10***
4|***01***
5|********
6|********
7|********

00:00  INFO: Player chose move: 23
00:01  INFO: 
Black Score: 3
White Score: 3
Next player: black
Board:
 |01234567
----------
0|********
1|********
2|**10****
3|***10***
4|***01***
5|********
6|********
7|********

00:01  INFO: Player chose move: 21
00:01  INFO: 
Black Score: 4
White Score: 4
Next player: black
Board:
 |01234567
----------
0|********
1|********
2|*000****
3|***111**
4|***01***
5|********
6|********
7|********

00:01  INFO: Player chose move: 45
00:01  INFO: 
Black Score: 6
White Score: 4
Next player: black
Board:
 |01234567
----------
0|********
1|***1****
2|*001****
3|***101**
4|***000**
5|********
6|********
7|********

00:01  INFO: Player chose move: 12
00:01  INFO: 
Black Score: 7
White Score: 5
Next player: black
Board:
 |01234567
----------
0|********
1|**01****
2|*010****
3|*1*101**
4|***000**
5|********
6|********
7|********

00:01  INFO: Player chose move: 03
00:02  INFO: 
Black Score: 8
White Score: 6
Next player: black
Board:
 |01234567
----------
0|***0****
1|*100****
2|*110****
3|*1*101**
4|***000**
5|********
6|********
7|********

00:02  INFO: Player chose move: 20
00:02  INFO: 
Black Score: 9
White Score: 7
Next player: black
Board:
 |01234567
----------
0|***01***
1|*101****
2|0010****
3|*1*101**
4|***000**
5|********
6|********
7|********

00:02  INFO: Player chose move: 05
00:02  INFO: 
Black Score: 10
White Score: 8
Next player: black
Board:
 |01234567
----------
0|**1000**
1|*111****
2|0010****
3|*1*101**
4|***000**
5|********
6|********
7|********

00:02  INFO: Player chose move: 00
00:02  INFO: 
Black Score: 11
White Score: 9
Next player: black
Board:
 |01234567
----------
0|0*1000**
1|*011****
2|0010****
3|*11111**
4|***000**
5|********
6|********
7|********

00:02  INFO: Player chose move: 01
00:02  INFO: 
Black Score: 12
White Score: 10
Next player: black
Board:
 |01234567
----------
0|000000**
1|*001****
2|0010****
3|*11111**
4|***110**
5|***1****
6|********
7|********

00:02  INFO: Player chose move: 14
00:02  INFO: 
Black Score: 13
White Score: 11
Next player: black
Board:
 |01234567
----------
0|000000**
1|*0000***
2|0010****
3|*11111**
4|***1111*
5|***1****
6|********
7|********

00:03  INFO: Player chose move: 40
00:03  INFO: 
Black Score: 15
White Score: 11
Next player: black
Board:
 |01234567
----------
0|000000**
1|*0000***
2|0000****
3|111111**
4|0**1111*
5|***1****
6|********
7|********

00:03  INFO: Player chose move: 41
00:03  INFO: 
Black Score: 15
White Score: 13
Next player: black
Board:
 |01234567
----------
0|000000**
1|10000***
2|1100****
3|101111**
4|00*1111*
5|***1****
6|********
7|********

00:03  INFO: Player chose move: 36
00:03  INFO: 
Black Score: 19
White Score: 11
Next player: black
Board:
 |01234567
----------
0|000000**
1|10000***
2|1100****
3|1000000*
4|10*1111*
5|1**1****
6|********
7|********

00:03  INFO: Player chose move: 52
00:03  INFO: 
Black Score: 18
White Score: 14
Next player: black
Board:
 |01234567
----------
0|000000**
1|10000***
2|1100****
3|1100000*
4|11*0111*
5|1111****
6|********
7|********

00:03  INFO: Player chose move: 47
00:03  INFO: 
Black Score: 20
White Score: 14
Next player: black
Board:
 |01234567
----------
0|000000**
1|10000***
2|1100**1*
3|1100010*
4|11*01000
5|1111****
6|********
7|********

00:03  INFO: Player chose move: 16
00:04  INFO: 
Black Score: 21
White Score: 15
Next player: black
Board:
 |01234567
----------
0|000000**
1|10000*0*
2|1100**0*
3|1100010*
4|11*01010
5|1111***1
6|********
7|********

00:04  INFO: Player chose move: 25
00:04  INFO: 
Black Score: 21
White Score: 17
Next player: black
Board:
 |01234567
----------
0|000000**
1|10000*01
2|1100*01*
3|1100010*
4|11*01010
5|1111***1
6|********
7|********

00:04  INFO: Player chose move: 54
00:04  INFO: 
Black Score: 20
White Score: 20
Next player: black
Board:
 |01234567
----------
0|000000**
1|10000*01
2|1111111*
3|1100010*
4|11*00010
5|11110**1
6|********
7|********

00:04  INFO: Player chose move: 56
00:04  INFO: 
Black Score: 20
White Score: 22
Next player: black
Board:
 |01234567
----------
0|000000**
1|10000*01
2|1111111*
3|11000111
4|11*00001
5|11110*01
6|********
7|********

00:04  INFO: Player chose move: 60
00:04  INFO: 
Black Score: 20
White Score: 24
Next player: black
Board:
 |01234567
----------
0|000000**
1|00000*01
2|0111111*
3|01110111
4|01111111
5|01110*01
6|0*******
7|********

00:04  INFO: Player chose move: 15
00:05  INFO: 
Black Score: 24
White Score: 22
Next player: black
Board:
 |01234567
----------
0|000000**
1|00000001
2|0111011*
3|01100111
4|01011111
5|00111*01
6|0***1***
7|********

00:05  INFO: Player chose move: 55
00:05  INFO: 
Black Score: 31
White Score: 17
Next player: black
Board:
 |01234567
----------
0|0000001*
1|00000011
2|0111001*
3|01100011
4|01010011
5|00000001
6|0***1***
7|********

00:05  INFO: Player chose move: 07
00:05  INFO: 
Black Score: 30
White Score: 20
Next player: black
Board:
 |01234567
----------
0|00000000
1|00000001
2|0111001*
3|01100011
4|01010111
5|00111001
6|0**11***
7|********

00:05  INFO: Player chose move: 27
00:05  INFO: 
Black Score: 32
White Score: 20
Next player: black
Board:
 |01234567
----------
0|00000000
1|00000000
2|01110000
3|01100011
4|01010111
5|01111001
6|01*11***
7|********

00:05  INFO: Player chose move: 62
00:05  INFO: 
Black Score: 36
White Score: 18
Next player: black
Board:
 |01234567
----------
0|00000000
1|00000000
2|01110000
3|01100011
4|01010111
5|00001011
6|00011**1
7|********

00:05  INFO: Player chose move: 66
00:05  INFO: 
Black Score: 38
White Score: 18
Next player: black
Board:
 |01234567
----------
0|00000000
1|00000000
2|01110000
3|01100001
4|01010101
5|01001001
6|01011*01
7|*1******

00:06  INFO: Player chose move: 70
00:06  INFO: 
Black Score: 39
White Score: 19
Next player: black
Board:
 |01234567
----------
0|00000000
1|00000000
2|01110000
3|01100001
4|01010101
5|01001001
6|00011*11
7|01***1**

00:06  INFO: Player chose move: 72
00:06  INFO: 
Black Score: 41
White Score: 19
Next player: black
Board:
 |01234567
----------
0|00000000
1|00000000
2|01110000
3|01100001
4|01010001
5|01010001
6|00111*11
7|0001*1**

00:06  INFO: Player chose move: 65
00:06  INFO: 
Black Score: 41
White Score: 21
Next player: black
Board:
 |01234567
----------
0|00000000
1|00000000
2|01110000
3|01100001
4|01010001
5|01110011
6|00010111
7|000111**

00:06  INFO: Player chose move: 77
00:06  INFO: 
Black Score: 46
White Score: 18
Next player: black
Board:
 |01234567
----------
0|00000000
1|00000000
2|01110000
3|01100000
4|01010000
5|01110010
6|00010110
7|00011110

00:06  INFO: Player 0:  game terminated received
00:06  INFO: You (player 1) won!
