00:00  INFO: Client commandline script started
00:00  INFO: Connecting to localhost:61234
00:00  INFO: Registering: foo
00:00  INFO: Refresh requested
00:00  INFO: 
Black Score: 2
White Score: 2
Next player: black
Board:
 |01234567
----------
0|********
1|********
2|********
3|***10***
4|***01***
5|********
6|********
7|********

00:00  INFO: Player chose move: 23
00:01  INFO: 
Black Score: 3
White Score: 3
Next player: black
Board:
 |01234567
----------
0|********
1|********
2|***0****
3|***00***
4|**111***
5|********
6|********
7|********

00:01  INFO: Player chose move: 51
00:01  INFO: 
Black Score: 3
White Score: 5
Next player: black
Board:
 |01234567
----------
0|********
1|***1****
2|***1****
3|***10***
4|**011***
5|*0******
6|********
7|********

00:01  INFO: Player chose move: 54
00:01  INFO: 
Black Score: 3
White Score: 7
Next player: black
Board:
 |01234567
----------
0|********
1|***1****
2|***1****
3|***10***
4|**110***
5|*1**0***
6|1*******
7|********

00:01  INFO: Player chose move: 12
00:01  INFO: 
Black Score: 4
White Score: 8
Next player: black
Board:
 |01234567
----------
0|********
1|**01****
2|***0****
3|***10***
4|**110***
5|*1**1***
6|1****1**
7|********

00:01  INFO: Player chose move: 03
00:02  INFO: 
Black Score: 5
White Score: 9
Next player: black
Board:
 |01234567
----------
0|***0****
1|**00****
2|***0****
3|***111**
4|**110***
5|*1**1***
6|1****1**
7|********

00:02  INFO: Player chose move: 22
00:02  INFO: 
Black Score: 6
White Score: 10
Next player: black
Board:
 |01234567
----------
0|***0****
1|**00****
2|**00****
3|**1111**
4|**110***
5|*1**1***
6|1****1**
7|********

00:02  INFO: Player chose move: 24
00:02  INFO: 
Black Score: 4
White Score: 14
Next player: black
Board:
 |01234567
----------
0|***0****
1|**001***
2|**011***
3|**1111**
4|**111***
5|*1**1***
6|1****1**
7|********

00:02  INFO: Player chose move: 45
00:02  INFO: 
Black Score: 5
White Score: 15
Next player: black
Board:
 |01234567
----------
0|***0****
1|**001***
2|*1111***
3|**1101**
4|**1110**
5|*1**1***
6|1****1**
7|********

00:02  INFO: Player chose move: 15
00:02  INFO: 
Black Score: 5
White Score: 17
Next player: black
Board:
 |01234567
----------
0|***01***
1|**0110**
2|*1111***
3|**1101**
4|**1110**
5|*1**1***
6|1****1**
7|********

00:02  INFO: Player chose move: 05
00:02  INFO: 
Black Score: 5
White Score: 19
Next player: black
Board:
 |01234567
----------
0|***000**
1|**0110**
2|*1111***
3|**1111**
4|**1111**
5|*1**1*1*
6|1****1**
7|********

00:03  INFO: Player chose move: 30
00:03  INFO: 
Black Score: 6
White Score: 20
Next player: black
Board:
 |01234567
----------
0|***0001*
1|**0111**
2|*0111***
3|0*1111**
4|**1111**
5|*1**1*1*
6|1****1**
7|********

00:03  INFO: Player chose move: 07
00:03  INFO: 
Black Score: 7
White Score: 21
Next player: black
Board:
 |01234567
----------
0|***00000
1|**0111**
2|11111***
3|0*1111**
4|**1111**
5|*1**1*1*
6|1****1**
7|********

00:03  INFO: Player chose move: 10
00:03  INFO: 
Black Score: 8
White Score: 22
Next player: black
Board:
 |01234567
----------
0|***00000
1|011111**
2|01111***
3|0*1111**
4|**1111**
5|*1**1*1*
6|1****1**
7|********

00:03  INFO: Player chose move: 26
00:03  INFO: 
Black Score: 9
White Score: 23
Next player: black
Board:
 |01234567
----------
0|***00000
1|011110*1
2|01111*1*
3|0*1111**
4|**1111**
5|*1**1*1*
6|1****1**
7|********

00:03  INFO: Player chose move: 02
00:03  INFO: 
Black Score: 10
White Score: 24
Next player: black
Board:
 |01234567
----------
0|**000000
1|00111111
2|01111*1*
3|0*1111**
4|**1111**
5|*1**1*1*
6|1****1**
7|********

00:03  INFO: Player chose move: 27
00:04  INFO: 
Black Score: 12
White Score: 24
Next player: black
Board:
 |01234567
----------
0|*1000000
1|01111100
2|01111*10
3|0*1111**
4|**1111**
5|*1**1*1*
6|1****1**
7|********

00:04  INFO: Player chose move: 00
00:04  INFO: 
Black Score: 14
White Score: 23
Next player: black
Board:
 |01234567
----------
0|00000000
1|01111100
2|01111*10
3|0*1111**
4|**1111**
5|*1**1*1*
6|1****1**
7|********

00:04  INFO: Player chose move: 31
00:04  INFO: 
Black Score: 19
White Score: 19
Next player: black
Board:
 |01234567
----------
0|00000000
1|00101100
2|00011*10
3|001111**
4|**1111**
5|*1**1*1*
6|1****1**
7|********

00:04  INFO: Player chose move: 25
00:04  INFO: 
Black Score: 25
White Score: 14
Next player: black
Board:
 |01234567
----------
0|00000000
1|00100000
2|00000000
3|001111**
4|**1111**
5|*1**1*1*
6|1****1**
7|********

00:04  INFO: Player chose move: 36
00:04  INFO: 
Black Score: 30
White Score: 10
Next player: black
Board:
 |01234567
----------
0|00000000
1|00100000
2|00000000
3|0000000*
4|**1111**
5|*1**1*1*
6|1****1**
7|********

00:04  INFO: Player chose move: 52
00:05  INFO: 
Black Score: 29
White Score: 13
Next player: black
Board:
 |01234567
----------
0|00000000
1|00100000
2|00100000
3|0010000*
4|**1011**
5|*11*1*1*
6|1*1**1**
7|********

00:05  INFO: Player chose move: 41
00:05  INFO: 
Black Score: 28
White Score: 16
Next player: black
Board:
 |01234567
----------
0|00000000
1|00100000
2|00100000
3|0100000*
4|111111**
5|*11*1*1*
6|1*1**1**
7|********

00:05  INFO: Player chose move: 55
00:05  INFO: 
Black Score: 28
White Score: 18
Next player: black
Board:
 |01234567
----------
0|00000000
1|00100000
2|00100000
3|0101000*
4|111110**
5|*11*111*
6|1*1**11*
7|********

00:05  INFO: Player chose move: 50
00:05  INFO: 
Black Score: 28
White Score: 20
Next player: black
Board:
 |01234567
----------
0|00000000
1|00100000
2|00100000
3|01011111
4|001110**
5|011*111*
6|1*1**11*
7|********

00:05  INFO: Player chose move: 46
00:05  INFO: 
Black Score: 29
White Score: 21
Next player: black
Board:
 |01234567
----------
0|00000000
1|00100000
2|00100000
3|01011001
4|00111111
5|011*111*
6|1*1**11*
7|********

00:05  INFO: Player chose move: 57
00:05  INFO: 
Black Score: 33
White Score: 18
Next player: black
Board:
 |01234567
----------
0|00000000
1|00100000
2|00100000
3|01011000
4|00111100
5|011*1110
6|1*1**11*
7|********

00:06  INFO: Player chose move: 61
00:06  INFO: 
Black Score: 37
White Score: 16
Next player: black
Board:
 |01234567
----------
0|00000000
1|00100000
2|00100000
3|01010000
4|00111100
5|00011110
6|101**11*
7|********

00:06  INFO: Player chose move: 63
00:06  INFO: 
Black Score: 42
White Score: 13
Next player: black
Board:
 |01234567
----------
0|00000000
1|00100000
2|00100000
3|01000000
4|00101000
5|00100110
6|1010*11*
7|**1*****

00:06  INFO: Player chose move: 64
00:06  INFO: 
Black Score: 41
White Score: 16
Next player: black
Board:
 |01234567
----------
0|00000000
1|00100000
2|00100000
3|01000000
4|00101000
5|00101010
6|1011111*
7|**1*1***

00:06  INFO: Player chose move: 70
00:06  INFO: 
Black Score: 40
White Score: 19
Next player: black
Board:
 |01234567
----------
0|00000000
1|00100000
2|00100000
3|01000000
4|01101000
5|01101010
6|0111111*
7|011*1***

00:06  INFO: Player chose move: 73
00:06  INFO: 
Black Score: 45
White Score: 16
Next player: black
Board:
 |01234567
----------
0|00000000
1|00100000
2|00100000
3|01000000
4|01101000
5|00111010
6|0100111*
7|000011**

00:06  INFO: Player chose move: 67
00:07  INFO: 
Black Score: 48
White Score: 15
Next player: black
Board:
 |01234567
----------
0|00000000
1|00100000
2|00100000
3|01000000
4|01101000
5|00111100
6|01000010
7|000011*1

00:07  INFO: Player chose move: 76
00:07  INFO: 
Black Score: 52
White Score: 12
Next player: white
Board:
 |01234567
----------
0|00000000
1|00100000
2|00100000
3|01000000
4|01101000
5|00111100
6|01000000
7|00000001

00:07  INFO: Player 0:  game terminated received
00:07  INFO: You (player 1) won!
